<?xml version="1.0" ?>
<coverage branch-rate="0" branches-covered="0" branches-valid="0" complexity="0" line-rate="0.7888" lines-covered="2693" lines-valid="3414" timestamp="1580557758191" version="4.5.4">
	<!-- Generated by coverage.py: https://coverage.readthedocs.io -->
	<!-- Based on https://raw.githubusercontent.com/cobertura/web/master/htdocs/xml/coverage-04.dtd -->
	<sources>
		<source>/var/lib/jenkins/workspace/noronha-dataops/noronha-test/work</source>
	</sources>
	<packages>
		<package branch-rate="0" complexity="0" line-rate="0.98" name=".">
			<classes>
				<class branch-rate="0" complexity="0" filename="islands.py" line-rate="1" name="islands.py">
					<methods/>
					<lines>
						<line hits="1" number="3"/>
						<line hits="1" number="6"/>
						<line hits="1" number="8"/>
						<line hits="1" number="10"/>
					</lines>
				</class>
				<class branch-rate="0" complexity="0" filename="test_iris.py" line-rate="0.9783" name="test_iris.py">
					<methods/>
					<lines>
						<line hits="1" number="3"/>
						<line hits="1" number="4"/>
						<line hits="1" number="5"/>
						<line hits="1" number="6"/>
						<line hits="1" number="7"/>
						<line hits="1" number="9"/>
						<line hits="1" number="10"/>
						<line hits="1" number="11"/>
						<line hits="1" number="12"/>
						<line hits="1" number="13"/>
						<line hits="1" number="14"/>
						<line hits="1" number="15"/>
						<line hits="1" number="16"/>
						<line hits="1" number="19"/>
						<line hits="1" number="20"/>
						<line hits="1" number="21"/>
						<line hits="1" number="24"/>
						<line hits="1" number="25"/>
						<line hits="1" number="28"/>
						<line hits="1" number="49"/>
						<line hits="1" number="59"/>
						<line hits="1" number="66"/>
						<line hits="1" number="67"/>
						<line hits="1" number="68"/>
						<line hits="1" number="69"/>
						<line hits="1" number="72"/>
						<line hits="1" number="75"/>
						<line hits="1" number="78"/>
						<line hits="1" number="89"/>
						<line hits="1" number="92"/>
						<line hits="1" number="102"/>
						<line hits="1" number="103"/>
						<line hits="1" number="115"/>
						<line hits="1" number="117"/>
						<line hits="1" number="118"/>
						<line hits="1" number="119"/>
						<line hits="1" number="120"/>
						<line hits="1" number="121"/>
						<line hits="1" number="122"/>
						<line hits="1" number="123"/>
						<line hits="1" number="125"/>
						<line hits="0" number="127"/>
						<line hits="1" number="130"/>
						<line hits="1" number="139"/>
						<line hits="1" number="144"/>
						<line hits="1" number="145"/>
					</lines>
				</class>
			</classes>
		</package>
		<package branch-rate="0" complexity="0" line-rate="1" name=".var.lib.jenkins.workspace.noronha-dataops.noronha-test.noronha-dataops.noronha">
			<classes>
				<class branch-rate="0" complexity="0" filename="/var/lib/jenkins/workspace/noronha-dataops/noronha-test/noronha-dataops/noronha/__init__.py" line-rate="1" name="__init__.py">
					<methods/>
					<lines>
						<line hits="1" number="3"/>
					</lines>
				</class>
			</classes>
		</package>
		<package branch-rate="0" complexity="0" line-rate="0.6393" name=".var.lib.jenkins.workspace.noronha-dataops.noronha-test.noronha-dataops.noronha.api">
			<classes>
				<class branch-rate="0" complexity="0" filename="/var/lib/jenkins/workspace/noronha-dataops/noronha-test/noronha-dataops/noronha/api/__init__.py" line-rate="1" name="__init__.py">
					<methods/>
					<lines>
						<line hits="1" number="3"/>
					</lines>
				</class>
				<class branch-rate="0" complexity="0" filename="/var/lib/jenkins/workspace/noronha-dataops/noronha-test/noronha-dataops/noronha/api/bvers.py" line-rate="0.8824" name="bvers.py">
					<methods/>
					<lines>
						<line hits="1" number="3"/>
						<line hits="1" number="4"/>
						<line hits="1" number="5"/>
						<line hits="1" number="6"/>
						<line hits="1" number="9"/>
						<line hits="1" number="11"/>
						<line hits="1" number="12"/>
						<line hits="1" number="14"/>
						<line hits="1" number="15"/>
						<line hits="0" number="17"/>
						<line hits="1" number="19"/>
						<line hits="1" number="20"/>
						<line hits="0" number="22"/>
						<line hits="1" number="24"/>
						<line hits="1" number="25"/>
						<line hits="1" number="27"/>
						<line hits="1" number="28"/>
					</lines>
				</class>
				<class branch-rate="0" complexity="0" filename="/var/lib/jenkins/workspace/noronha-dataops/noronha-test/noronha-dataops/noronha/api/depl.py" line-rate="0.9038" name="depl.py">
					<methods/>
					<lines>
						<line hits="1" number="3"/>
						<line hits="1" number="5"/>
						<line hits="1" number="6"/>
						<line hits="1" number="7"/>
						<line hits="1" number="8"/>
						<line hits="1" number="9"/>
						<line hits="1" number="10"/>
						<line hits="1" number="11"/>
						<line hits="1" number="12"/>
						<line hits="1" number="15"/>
						<line hits="1" number="17"/>
						<line hits="1" number="18"/>
						<line hits="1" number="20"/>
						<line hits="1" number="22"/>
						<line hits="1" number="30"/>
						<line hits="0" number="33"/>
						<line hits="1" number="38"/>
						<line hits="1" number="41"/>
						<line hits="1" number="42"/>
						<line hits="1" number="43"/>
						<line hits="1" number="44"/>
						<line hits="1" number="46"/>
						<line hits="0" number="48"/>
						<line hits="0" number="49"/>
						<line hits="0" number="51"/>
						<line hits="1" number="53"/>
						<line hits="1" number="54"/>
						<line hits="1" number="62"/>
						<line hits="1" number="65"/>
						<line hits="1" number="66"/>
						<line hits="1" number="68"/>
						<line hits="1" number="80"/>
						<line hits="1" number="88"/>
						<line hits="1" number="89"/>
						<line hits="1" number="92"/>
						<line hits="1" number="94"/>
						<line hits="1" number="96"/>
						<line hits="1" number="98"/>
						<line hits="1" number="99"/>
						<line hits="1" number="100"/>
						<line hits="1" number="108"/>
						<line hits="1" number="111"/>
						<line hits="1" number="115"/>
						<line hits="1" number="117"/>
						<line hits="1" number="121"/>
						<line hits="1" number="123"/>
						<line hits="0" number="124"/>
						<line hits="1" number="128"/>
						<line hits="1" number="132"/>
						<line hits="1" number="134"/>
						<line hits="1" number="136"/>
						<line hits="1" number="138"/>
					</lines>
				</class>
				<class branch-rate="0" complexity="0" filename="/var/lib/jenkins/workspace/noronha-dataops/noronha-test/noronha-dataops/noronha/api/ds.py" line-rate="0.5085" name="ds.py">
					<methods/>
					<lines>
						<line hits="1" number="3"/>
						<line hits="1" number="4"/>
						<line hits="1" number="5"/>
						<line hits="1" number="6"/>
						<line hits="1" number="7"/>
						<line hits="1" number="8"/>
						<line hits="1" number="11"/>
						<line hits="1" number="13"/>
						<line hits="1" number="14"/>
						<line hits="1" number="16"/>
						<line hits="0" number="18"/>
						<line hits="1" number="20"/>
						<line hits="0" number="22"/>
						<line hits="0" number="24"/>
						<line hits="0" number="26"/>
						<line hits="0" number="27"/>
						<line hits="0" number="28"/>
						<line hits="0" number="30"/>
						<line hits="0" number="31"/>
						<line hits="0" number="33"/>
						<line hits="1" number="40"/>
						<line hits="0" number="42"/>
						<line hits="0" number="43"/>
						<line hits="0" number="45"/>
						<line hits="1" number="47"/>
						<line hits="1" number="49"/>
						<line hits="1" number="50"/>
						<line hits="1" number="52"/>
						<line hits="0" number="53"/>
						<line hits="1" number="55"/>
						<line hits="1" number="56"/>
						<line hits="0" number="57"/>
						<line hits="0" number="58"/>
						<line hits="0" number="60"/>
						<line hits="1" number="62"/>
						<line hits="0" number="64"/>
						<line hits="0" number="66"/>
						<line hits="0" number="67"/>
						<line hits="1" number="69"/>
						<line hits="1" number="70"/>
						<line hits="1" number="73"/>
						<line hits="1" number="74"/>
						<line hits="1" number="75"/>
						<line hits="1" number="82"/>
						<line hits="1" number="83"/>
						<line hits="1" number="84"/>
						<line hits="0" number="85"/>
						<line hits="0" number="86"/>
						<line hits="0" number="87"/>
						<line hits="0" number="88"/>
						<line hits="0" number="89"/>
						<line hits="0" number="90"/>
						<line hits="0" number="91"/>
						<line hits="1" number="93"/>
						<line hits="1" number="95"/>
						<line hits="1" number="96"/>
						<line hits="0" number="98"/>
						<line hits="0" number="103"/>
						<line hits="0" number="104"/>
					</lines>
				</class>
				<class branch-rate="0" complexity="0" filename="/var/lib/jenkins/workspace/noronha-dataops/noronha-test/noronha-dataops/noronha/api/island.py" line-rate="0.8" name="island.py">
					<methods/>
					<lines>
						<line hits="1" number="3"/>
						<line hits="1" number="4"/>
						<line hits="1" number="5"/>
						<line hits="1" number="8"/>
						<line hits="1" number="10"/>
						<line hits="1" number="12"/>
						<line hits="1" number="14"/>
						<line hits="1" number="19"/>
						<line hits="0" number="21"/>
						<line hits="0" number="22"/>
					</lines>
				</class>
				<class branch-rate="0" complexity="0" filename="/var/lib/jenkins/workspace/noronha-dataops/noronha-test/noronha-dataops/noronha/api/main.py" line-rate="0.84" name="main.py">
					<methods/>
					<lines>
						<line hits="1" number="3"/>
						<line hits="1" number="5"/>
						<line hits="1" number="6"/>
						<line hits="1" number="7"/>
						<line hits="1" number="8"/>
						<line hits="1" number="9"/>
						<line hits="1" number="12"/>
						<line hits="1" number="14"/>
						<line hits="1" number="16"/>
						<line hits="1" number="18"/>
						<line hits="1" number="19"/>
						<line hits="1" number="20"/>
						<line hits="1" number="21"/>
						<line hits="1" number="23"/>
						<line hits="1" number="27"/>
						<line hits="1" number="28"/>
						<line hits="1" number="29"/>
						<line hits="1" number="30"/>
						<line hits="1" number="31"/>
						<line hits="1" number="33"/>
						<line hits="0" number="35"/>
						<line hits="0" number="36"/>
						<line hits="1" number="38"/>
						<line hits="1" number="40"/>
						<line hits="1" number="41"/>
						<line hits="0" number="43"/>
						<line hits="1" number="45"/>
						<line hits="1" number="46"/>
						<line hits="1" number="48"/>
						<line hits="0" number="50"/>
						<line hits="1" number="52"/>
						<line hits="1" number="54"/>
						<line hits="1" number="55"/>
						<line hits="1" number="56"/>
						<line hits="1" number="61"/>
						<line hits="1" number="63"/>
						<line hits="1" number="65"/>
						<line hits="1" number="66"/>
						<line hits="1" number="68"/>
						<line hits="1" number="69"/>
						<line hits="1" number="71"/>
						<line hits="1" number="72"/>
						<line hits="1" number="73"/>
						<line hits="1" number="75"/>
						<line hits="1" number="77"/>
						<line hits="0" number="79"/>
						<line hits="1" number="81"/>
						<line hits="0" number="84"/>
						<line hits="0" number="85"/>
						<line hits="0" number="86"/>
					</lines>
				</class>
				<class branch-rate="0" complexity="0" filename="/var/lib/jenkins/workspace/noronha-dataops/noronha-test/noronha-dataops/noronha/api/model.py" line-rate="0.4595" name="model.py">
					<methods/>
					<lines>
						<line hits="1" number="3"/>
						<line hits="1" number="4"/>
						<line hits="1" number="5"/>
						<line hits="1" number="6"/>
						<line hits="1" number="7"/>
						<line hits="1" number="8"/>
						<line hits="1" number="11"/>
						<line hits="1" number="13"/>
						<line hits="1" number="14"/>
						<line hits="1" number="16"/>
						<line hits="0" number="18"/>
						<line hits="1" number="20"/>
						<line hits="0" number="22"/>
						<line hits="0" number="23"/>
						<line hits="0" number="24"/>
						<line hits="0" number="26"/>
						<line hits="0" number="27"/>
						<line hits="0" number="28"/>
						<line hits="0" number="29"/>
						<line hits="0" number="31"/>
						<line hits="0" number="32"/>
						<line hits="1" number="34"/>
						<line hits="0" number="36"/>
						<line hits="1" number="38"/>
						<line hits="1" number="41"/>
						<line hits="0" number="42"/>
						<line hits="1" number="44"/>
						<line hits="0" number="45"/>
						<line hits="1" number="47"/>
						<line hits="1" number="49"/>
						<line hits="0" number="52"/>
						<line hits="0" number="53"/>
						<line hits="0" number="54"/>
						<line hits="0" number="56"/>
						<line hits="0" number="57"/>
						<line hits="0" number="58"/>
						<line hits="0" number="60"/>
					</lines>
				</class>
				<class branch-rate="0" complexity="0" filename="/var/lib/jenkins/workspace/noronha-dataops/noronha-test/noronha-dataops/noronha/api/movers.py" line-rate="0.3125" name="movers.py">
					<methods/>
					<lines>
						<line hits="1" number="3"/>
						<line hits="1" number="4"/>
						<line hits="1" number="5"/>
						<line hits="1" number="6"/>
						<line hits="1" number="7"/>
						<line hits="1" number="8"/>
						<line hits="1" number="9"/>
						<line hits="1" number="10"/>
						<line hits="1" number="11"/>
						<line hits="1" number="14"/>
						<line hits="1" number="16"/>
						<line hits="1" number="17"/>
						<line hits="1" number="19"/>
						<line hits="0" number="21"/>
						<line hits="1" number="23"/>
						<line hits="0" number="25"/>
						<line hits="0" number="27"/>
						<line hits="0" number="28"/>
						<line hits="1" number="35"/>
						<line hits="1" number="37"/>
						<line hits="0" number="38"/>
						<line hits="1" number="40"/>
						<line hits="1" number="42"/>
						<line hits="0" number="43"/>
						<line hits="0" number="44"/>
						<line hits="0" number="46"/>
						<line hits="0" number="47"/>
						<line hits="0" number="48"/>
						<line hits="1" number="50"/>
						<line hits="0" number="51"/>
						<line hits="0" number="52"/>
						<line hits="0" number="54"/>
						<line hits="0" number="55"/>
						<line hits="0" number="56"/>
						<line hits="1" number="58"/>
						<line hits="1" number="60"/>
						<line hits="0" number="62"/>
						<line hits="0" number="64"/>
						<line hits="0" number="65"/>
						<line hits="0" number="67"/>
						<line hits="0" number="68"/>
						<line hits="1" number="70"/>
						<line hits="1" number="71"/>
						<line hits="0" number="74"/>
						<line hits="0" number="75"/>
						<line hits="0" number="77"/>
						<line hits="0" number="79"/>
						<line hits="0" number="80"/>
						<line hits="0" number="82"/>
						<line hits="0" number="83"/>
						<line hits="0" number="84"/>
						<line hits="0" number="86"/>
						<line hits="0" number="88"/>
						<line hits="0" number="89"/>
						<line hits="0" number="90"/>
						<line hits="0" number="92"/>
						<line hits="0" number="99"/>
						<line hits="0" number="101"/>
						<line hits="0" number="102"/>
						<line hits="0" number="103"/>
						<line hits="0" number="104"/>
						<line hits="0" number="105"/>
						<line hits="0" number="106"/>
						<line hits="0" number="107"/>
						<line hits="0" number="108"/>
						<line hits="0" number="109"/>
						<line hits="0" number="110"/>
						<line hits="0" number="112"/>
						<line hits="1" number="114"/>
						<line hits="1" number="115"/>
						<line hits="0" number="117"/>
						<line hits="0" number="118"/>
						<line hits="0" number="120"/>
						<line hits="0" number="121"/>
						<line hits="0" number="122"/>
						<line hits="0" number="124"/>
						<line hits="0" number="126"/>
						<line hits="0" number="131"/>
						<line hits="0" number="132"/>
						<line hits="0" number="134"/>
					</lines>
				</class>
				<class branch-rate="0" complexity="0" filename="/var/lib/jenkins/workspace/noronha-dataops/noronha-test/noronha-dataops/noronha/api/proj.py" line-rate="0.7586" name="proj.py">
					<methods/>
					<lines>
						<line hits="1" number="3"/>
						<line hits="1" number="4"/>
						<line hits="1" number="6"/>
						<line hits="1" number="7"/>
						<line hits="1" number="8"/>
						<line hits="1" number="9"/>
						<line hits="1" number="10"/>
						<line hits="1" number="11"/>
						<line hits="1" number="12"/>
						<line hits="1" number="13"/>
						<line hits="1" number="14"/>
						<line hits="1" number="15"/>
						<line hits="1" number="18"/>
						<line hits="1" number="20"/>
						<line hits="1" number="21"/>
						<line hits="1" number="23"/>
						<line hits="0" number="26"/>
						<line hits="1" number="28"/>
						<line hits="0" number="31"/>
						<line hits="1" number="33"/>
						<line hits="1" number="34"/>
						<line hits="1" number="36"/>
						<line hits="1" number="37"/>
						<line hits="1" number="38"/>
						<line hits="0" number="40"/>
						<line hits="0" number="41"/>
						<line hits="1" number="46"/>
						<line hits="1" number="47"/>
						<line hits="1" number="48"/>
						<line hits="0" number="49"/>
						<line hits="0" number="50"/>
						<line hits="1" number="52"/>
						<line hits="1" number="58"/>
						<line hits="1" number="59"/>
						<line hits="0" number="61"/>
						<line hits="0" number="62"/>
						<line hits="0" number="67"/>
						<line hits="0" number="68"/>
						<line hits="0" number="70"/>
						<line hits="1" number="75"/>
						<line hits="1" number="76"/>
						<line hits="1" number="79"/>
						<line hits="1" number="80"/>
						<line hits="1" number="81"/>
						<line hits="1" number="83"/>
						<line hits="0" number="84"/>
						<line hits="0" number="85"/>
						<line hits="1" number="87"/>
						<line hits="1" number="89"/>
						<line hits="1" number="90"/>
						<line hits="0" number="92"/>
						<line hits="1" number="94"/>
						<line hits="1" number="100"/>
						<line hits="1" number="101"/>
						<line hits="1" number="103"/>
						<line hits="1" number="104"/>
						<line hits="1" number="105"/>
						<line hits="1" number="106"/>
					</lines>
				</class>
				<class branch-rate="0" complexity="0" filename="/var/lib/jenkins/workspace/noronha-dataops/noronha-test/noronha-dataops/noronha/api/train.py" line-rate="0.7333" name="train.py">
					<methods/>
					<lines>
						<line hits="1" number="3"/>
						<line hits="1" number="5"/>
						<line hits="1" number="6"/>
						<line hits="1" number="7"/>
						<line hits="1" number="8"/>
						<line hits="1" number="9"/>
						<line hits="1" number="10"/>
						<line hits="1" number="11"/>
						<line hits="1" number="12"/>
						<line hits="1" number="13"/>
						<line hits="1" number="16"/>
						<line hits="1" number="18"/>
						<line hits="1" number="19"/>
						<line hits="1" number="21"/>
						<line hits="1" number="23"/>
						<line hits="1" number="31"/>
						<line hits="0" number="34"/>
						<line hits="1" number="36"/>
						<line hits="0" number="40"/>
						<line hits="1" number="42"/>
						<line hits="0" number="44"/>
						<line hits="0" number="45"/>
						<line hits="0" number="47"/>
						<line hits="1" number="49"/>
						<line hits="1" number="50"/>
						<line hits="1" number="57"/>
						<line hits="1" number="61"/>
						<line hits="1" number="62"/>
						<line hits="1" number="63"/>
						<line hits="1" number="64"/>
						<line hits="1" number="66"/>
						<line hits="0" number="67"/>
						<line hits="0" number="69"/>
						<line hits="0" number="70"/>
						<line hits="1" number="72"/>
						<line hits="0" number="73"/>
						<line hits="0" number="74"/>
						<line hits="1" number="76"/>
						<line hits="1" number="85"/>
						<line hits="1" number="94"/>
						<line hits="1" number="95"/>
						<line hits="1" number="98"/>
						<line hits="1" number="100"/>
						<line hits="1" number="102"/>
						<line hits="1" number="104"/>
						<line hits="1" number="105"/>
						<line hits="1" number="112"/>
						<line hits="1" number="114"/>
						<line hits="1" number="115"/>
						<line hits="1" number="117"/>
						<line hits="0" number="118"/>
						<line hits="0" number="119"/>
						<line hits="0" number="120"/>
						<line hits="0" number="121"/>
						<line hits="0" number="123"/>
						<line hits="0" number="124"/>
						<line hits="1" number="126"/>
						<line hits="1" number="128"/>
						<line hits="1" number="130"/>
						<line hits="1" number="132"/>
					</lines>
				</class>
				<class branch-rate="0" complexity="0" filename="/var/lib/jenkins/workspace/noronha-dataops/noronha-test/noronha-dataops/noronha/api/utils.py" line-rate="0.6133" name="utils.py">
					<methods/>
					<lines>
						<line hits="1" number="3"/>
						<line hits="1" number="5"/>
						<line hits="1" number="6"/>
						<line hits="1" number="7"/>
						<line hits="1" number="8"/>
						<line hits="1" number="9"/>
						<line hits="1" number="10"/>
						<line hits="1" number="11"/>
						<line hits="1" number="14"/>
						<line hits="1" number="16"/>
						<line hits="1" number="17"/>
						<line hits="1" number="18"/>
						<line hits="1" number="19"/>
						<line hits="1" number="20"/>
						<line hits="1" number="21"/>
						<line hits="1" number="22"/>
						<line hits="1" number="24"/>
						<line hits="0" number="26"/>
						<line hits="0" number="28"/>
						<line hits="0" number="29"/>
						<line hits="0" number="30"/>
						<line hits="0" number="31"/>
						<line hits="0" number="33"/>
						<line hits="0" number="34"/>
						<line hits="0" number="35"/>
						<line hits="0" number="36"/>
						<line hits="0" number="38"/>
						<line hits="0" number="39"/>
						<line hits="0" number="41"/>
						<line hits="0" number="42"/>
						<line hits="0" number="43"/>
						<line hits="0" number="45"/>
						<line hits="0" number="47"/>
						<line hits="1" number="49"/>
						<line hits="0" number="51"/>
						<line hits="0" number="52"/>
						<line hits="0" number="54"/>
						<line hits="1" number="56"/>
						<line hits="0" number="59"/>
						<line hits="1" number="61"/>
						<line hits="0" number="64"/>
						<line hits="1" number="66"/>
						<line hits="0" number="69"/>
						<line hits="1" number="71"/>
						<line hits="0" number="74"/>
						<line hits="1" number="76"/>
						<line hits="0" number="79"/>
						<line hits="1" number="82"/>
						<line hits="1" number="84"/>
						<line hits="1" number="85"/>
						<line hits="1" number="88"/>
						<line hits="1" number="90"/>
						<line hits="1" number="91"/>
						<line hits="0" number="92"/>
						<line hits="1" number="93"/>
						<line hits="0" number="94"/>
						<line hits="1" number="96"/>
						<line hits="1" number="98"/>
						<line hits="1" number="99"/>
						<line hits="1" number="102"/>
						<line hits="1" number="103"/>
						<line hits="1" number="105"/>
						<line hits="1" number="106"/>
						<line hits="0" number="109"/>
						<line hits="0" number="111"/>
						<line hits="1" number="114"/>
						<line hits="1" number="116"/>
						<line hits="1" number="117"/>
						<line hits="1" number="118"/>
						<line hits="1" number="119"/>
						<line hits="0" number="121"/>
						<line hits="1" number="123"/>
						<line hits="1" number="126"/>
						<line hits="1" number="127"/>
						<line hits="1" number="128"/>
					</lines>
				</class>
			</classes>
		</package>
		<package branch-rate="0" complexity="0" line-rate="0.784" name=".var.lib.jenkins.workspace.noronha-dataops.noronha-test.noronha-dataops.noronha.bay">
			<classes>
				<class branch-rate="0" complexity="0" filename="/var/lib/jenkins/workspace/noronha-dataops/noronha-test/noronha-dataops/noronha/bay/__init__.py" line-rate="1" name="__init__.py">
					<methods/>
					<lines>
						<line hits="1" number="3"/>
					</lines>
				</class>
				<class branch-rate="0" complexity="0" filename="/var/lib/jenkins/workspace/noronha-dataops/noronha-test/noronha-dataops/noronha/bay/anchor.py" line-rate="0.7313" name="anchor.py">
					<methods/>
					<lines>
						<line hits="1" number="3"/>
						<line hits="1" number="4"/>
						<line hits="1" number="5"/>
						<line hits="1" number="7"/>
						<line hits="1" number="8"/>
						<line hits="1" number="9"/>
						<line hits="1" number="12"/>
						<line hits="1" number="14"/>
						<line hits="1" number="15"/>
						<line hits="1" number="17"/>
						<line hits="1" number="19"/>
						<line hits="1" number="22"/>
						<line hits="1" number="24"/>
						<line hits="0" number="27"/>
						<line hits="1" number="29"/>
						<line hits="0" number="31"/>
						<line hits="1" number="33"/>
						<line hits="0" number="35"/>
						<line hits="1" number="37"/>
						<line hits="0" number="40"/>
						<line hits="1" number="42"/>
						<line hits="1" number="43"/>
						<line hits="0" number="45"/>
						<line hits="1" number="48"/>
						<line hits="1" number="50"/>
						<line hits="1" number="51"/>
						<line hits="1" number="53"/>
						<line hits="1" number="55"/>
						<line hits="1" number="56"/>
						<line hits="1" number="58"/>
						<line hits="1" number="59"/>
						<line hits="0" number="61"/>
						<line hits="1" number="63"/>
						<line hits="1" number="66"/>
						<line hits="1" number="68"/>
						<line hits="1" number="71"/>
						<line hits="1" number="72"/>
						<line hits="1" number="73"/>
						<line hits="1" number="74"/>
						<line hits="1" number="77"/>
						<line hits="1" number="79"/>
						<line hits="1" number="80"/>
						<line hits="1" number="82"/>
						<line hits="1" number="83"/>
						<line hits="0" number="85"/>
						<line hits="1" number="87"/>
						<line hits="0" number="91"/>
						<line hits="0" number="92"/>
						<line hits="1" number="94"/>
						<line hits="0" number="97"/>
						<line hits="1" number="99"/>
						<line hits="0" number="101"/>
						<line hits="1" number="104"/>
						<line hits="1" number="106"/>
						<line hits="1" number="107"/>
						<line hits="1" number="109"/>
						<line hits="0" number="113"/>
						<line hits="1" number="115"/>
						<line hits="1" number="116"/>
						<line hits="0" number="118"/>
						<line hits="1" number="120"/>
						<line hits="0" number="123"/>
						<line hits="0" number="125"/>
						<line hits="0" number="126"/>
						<line hits="0" number="128"/>
						<line hits="1" number="130"/>
						<line hits="0" number="133"/>
					</lines>
				</class>
				<class branch-rate="0" complexity="0" filename="/var/lib/jenkins/workspace/noronha-dataops/noronha-test/noronha-dataops/noronha/bay/barrel.py" line-rate="0.559" name="barrel.py">
					<methods/>
					<lines>
						<line hits="1" number="3"/>
						<line hits="1" number="4"/>
						<line hits="1" number="5"/>
						<line hits="1" number="6"/>
						<line hits="1" number="7"/>
						<line hits="1" number="8"/>
						<line hits="1" number="10"/>
						<line hits="1" number="11"/>
						<line hits="1" number="12"/>
						<line hits="1" number="13"/>
						<line hits="1" number="14"/>
						<line hits="1" number="15"/>
						<line hits="1" number="16"/>
						<line hits="1" number="17"/>
						<line hits="1" number="18"/>
						<line hits="1" number="19"/>
						<line hits="1" number="22"/>
						<line hits="1" number="24"/>
						<line hits="1" number="26"/>
						<line hits="1" number="27"/>
						<line hits="1" number="29"/>
						<line hits="1" number="30"/>
						<line hits="1" number="32"/>
						<line hits="1" number="35"/>
						<line hits="1" number="37"/>
						<line hits="1" number="38"/>
						<line hits="1" number="40"/>
						<line hits="1" number="42"/>
						<line hits="1" number="43"/>
						<line hits="1" number="44"/>
						<line hits="1" number="46"/>
						<line hits="0" number="47"/>
						<line hits="1" number="48"/>
						<line hits="1" number="49"/>
						<line hits="0" number="50"/>
						<line hits="1" number="52"/>
						<line hits="0" number="54"/>
						<line hits="1" number="56"/>
						<line hits="0" number="58"/>
						<line hits="0" number="59"/>
						<line hits="0" number="60"/>
						<line hits="1" number="62"/>
						<line hits="0" number="64"/>
						<line hits="0" number="65"/>
						<line hits="0" number="66"/>
						<line hits="0" number="67"/>
						<line hits="0" number="69"/>
						<line hits="1" number="71"/>
						<line hits="1" number="73"/>
						<line hits="1" number="75"/>
						<line hits="0" number="76"/>
						<line hits="0" number="77"/>
						<line hits="0" number="79"/>
						<line hits="0" number="80"/>
						<line hits="0" number="81"/>
						<line hits="1" number="83"/>
						<line hits="1" number="85"/>
						<line hits="0" number="86"/>
						<line hits="0" number="87"/>
						<line hits="0" number="88"/>
						<line hits="0" number="89"/>
						<line hits="0" number="91"/>
						<line hits="0" number="92"/>
						<line hits="1" number="94"/>
						<line hits="1" number="96"/>
						<line hits="1" number="98"/>
						<line hits="0" number="99"/>
						<line hits="0" number="100"/>
						<line hits="0" number="104"/>
						<line hits="1" number="106"/>
						<line hits="1" number="108"/>
						<line hits="1" number="110"/>
						<line hits="0" number="112"/>
						<line hits="0" number="113"/>
						<line hits="0" number="115"/>
						<line hits="0" number="116"/>
						<line hits="0" number="117"/>
						<line hits="0" number="119"/>
						<line hits="0" number="120"/>
						<line hits="0" number="121"/>
						<line hits="0" number="123"/>
						<line hits="0" number="124"/>
						<line hits="0" number="125"/>
						<line hits="0" number="126"/>
						<line hits="0" number="128"/>
						<line hits="0" number="130"/>
						<line hits="0" number="131"/>
						<line hits="0" number="133"/>
						<line hits="0" number="134"/>
						<line hits="1" number="136"/>
						<line hits="1" number="138"/>
						<line hits="1" number="139"/>
						<line hits="1" number="141"/>
						<line hits="1" number="142"/>
						<line hits="1" number="144"/>
						<line hits="0" number="145"/>
						<line hits="0" number="146"/>
						<line hits="0" number="148"/>
						<line hits="0" number="149"/>
						<line hits="1" number="150"/>
						<line hits="0" number="151"/>
						<line hits="1" number="153"/>
						<line hits="1" number="155"/>
						<line hits="0" number="156"/>
						<line hits="1" number="158"/>
						<line hits="0" number="160"/>
						<line hits="0" number="162"/>
						<line hits="0" number="163"/>
						<line hits="0" number="165"/>
						<line hits="0" number="166"/>
						<line hits="0" number="168"/>
						<line hits="0" number="169"/>
						<line hits="0" number="170"/>
						<line hits="0" number="172"/>
						<line hits="0" number="174"/>
						<line hits="1" number="176"/>
						<line hits="1" number="178"/>
						<line hits="1" number="179"/>
						<line hits="1" number="184"/>
						<line hits="0" number="186"/>
						<line hits="1" number="191"/>
						<line hits="0" number="193"/>
						<line hits="0" number="195"/>
						<line hits="0" number="196"/>
						<line hits="0" number="198"/>
						<line hits="0" number="199"/>
						<line hits="0" number="200"/>
						<line hits="0" number="201"/>
						<line hits="0" number="203"/>
						<line hits="0" number="205"/>
						<line hits="1" number="207"/>
						<line hits="1" number="209"/>
						<line hits="0" number="210"/>
						<line hits="0" number="212"/>
						<line hits="0" number="213"/>
						<line hits="0" number="215"/>
						<line hits="1" number="217"/>
						<line hits="1" number="219"/>
						<line hits="1" number="220"/>
						<line hits="1" number="221"/>
						<line hits="1" number="222"/>
						<line hits="1" number="225"/>
						<line hits="1" number="227"/>
						<line hits="0" number="228"/>
						<line hits="1" number="230"/>
						<line hits="1" number="232"/>
						<line hits="1" number="233"/>
						<line hits="1" number="234"/>
						<line hits="1" number="235"/>
						<line hits="0" number="239"/>
						<line hits="0" number="240"/>
						<line hits="0" number="241"/>
						<line hits="0" number="243"/>
						<line hits="1" number="245"/>
						<line hits="1" number="246"/>
						<line hits="1" number="248"/>
						<line hits="1" number="250"/>
						<line hits="0" number="251"/>
						<line hits="1" number="253"/>
						<line hits="1" number="255"/>
						<line hits="1" number="264"/>
						<line hits="1" number="269"/>
						<line hits="0" number="270"/>
						<line hits="0" number="271"/>
						<line hits="1" number="276"/>
						<line hits="1" number="278"/>
						<line hits="1" number="279"/>
						<line hits="0" number="281"/>
						<line hits="1" number="284"/>
						<line hits="1" number="286"/>
						<line hits="1" number="288"/>
						<line hits="1" number="290"/>
						<line hits="1" number="291"/>
						<line hits="1" number="292"/>
						<line hits="1" number="293"/>
						<line hits="1" number="299"/>
						<line hits="1" number="301"/>
						<line hits="1" number="304"/>
						<line hits="1" number="306"/>
						<line hits="1" number="308"/>
						<line hits="1" number="310"/>
						<line hits="1" number="311"/>
						<line hits="1" number="312"/>
						<line hits="1" number="313"/>
						<line hits="1" number="319"/>
						<line hits="1" number="321"/>
						<line hits="1" number="324"/>
						<line hits="1" number="326"/>
						<line hits="1" number="328"/>
						<line hits="0" number="330"/>
						<line hits="0" number="331"/>
						<line hits="0" number="332"/>
						<line hits="0" number="333"/>
						<line hits="1" number="339"/>
						<line hits="0" number="341"/>
					</lines>
				</class>
				<class branch-rate="0" complexity="0" filename="/var/lib/jenkins/workspace/noronha-dataops/noronha-test/noronha-dataops/noronha/bay/captain.py" line-rate="0.824" name="captain.py">
					<methods/>
					<lines>
						<line hits="1" number="3"/>
						<line hits="1" number="4"/>
						<line hits="1" number="5"/>
						<line hits="1" number="6"/>
						<line hits="1" number="7"/>
						<line hits="1" number="8"/>
						<line hits="1" number="9"/>
						<line hits="1" number="10"/>
						<line hits="1" number="11"/>
						<line hits="1" number="12"/>
						<line hits="1" number="13"/>
						<line hits="1" number="14"/>
						<line hits="1" number="15"/>
						<line hits="1" number="16"/>
						<line hits="1" number="17"/>
						<line hits="1" number="18"/>
						<line hits="1" number="19"/>
						<line hits="1" number="20"/>
						<line hits="1" number="21"/>
						<line hits="1" number="23"/>
						<line hits="1" number="24"/>
						<line hits="1" number="25"/>
						<line hits="1" number="26"/>
						<line hits="1" number="27"/>
						<line hits="1" number="28"/>
						<line hits="1" number="29"/>
						<line hits="1" number="30"/>
						<line hits="1" number="31"/>
						<line hits="1" number="32"/>
						<line hits="1" number="35"/>
						<line hits="1" number="37"/>
						<line hits="1" number="38"/>
						<line hits="1" number="40"/>
						<line hits="1" number="42"/>
						<line hits="1" number="43"/>
						<line hits="1" number="44"/>
						<line hits="1" number="45"/>
						<line hits="1" number="46"/>
						<line hits="1" number="47"/>
						<line hits="1" number="48"/>
						<line hits="1" number="49"/>
						<line hits="1" number="50"/>
						<line hits="1" number="52"/>
						<line hits="1" number="53"/>
						<line hits="0" number="56"/>
						<line hits="1" number="58"/>
						<line hits="1" number="59"/>
						<line hits="0" number="62"/>
						<line hits="1" number="64"/>
						<line hits="1" number="65"/>
						<line hits="0" number="67"/>
						<line hits="1" number="69"/>
						<line hits="1" number="70"/>
						<line hits="0" number="72"/>
						<line hits="1" number="74"/>
						<line hits="1" number="75"/>
						<line hits="0" number="77"/>
						<line hits="1" number="79"/>
						<line hits="1" number="81"/>
						<line hits="1" number="83"/>
						<line hits="1" number="85"/>
						<line hits="1" number="89"/>
						<line hits="1" number="91"/>
						<line hits="1" number="96"/>
						<line hits="1" number="97"/>
						<line hits="1" number="98"/>
						<line hits="1" number="99"/>
						<line hits="0" number="101"/>
						<line hits="1" number="103"/>
						<line hits="0" number="106"/>
						<line hits="1" number="109"/>
						<line hits="1" number="111"/>
						<line hits="1" number="113"/>
						<line hits="1" number="114"/>
						<line hits="1" number="115"/>
						<line hits="1" number="117"/>
						<line hits="1" number="119"/>
						<line hits="1" number="120"/>
						<line hits="1" number="121"/>
						<line hits="1" number="122"/>
						<line hits="1" number="124"/>
						<line hits="1" number="126"/>
						<line hits="1" number="127"/>
						<line hits="1" number="128"/>
						<line hits="1" number="130"/>
						<line hits="1" number="136"/>
						<line hits="1" number="146"/>
						<line hits="1" number="147"/>
						<line hits="1" number="148"/>
						<line hits="0" number="150"/>
						<line hits="1" number="152"/>
						<line hits="1" number="154"/>
						<line hits="1" number="157"/>
						<line hits="1" number="158"/>
						<line hits="1" number="159"/>
						<line hits="1" number="161"/>
						<line hits="1" number="179"/>
						<line hits="1" number="180"/>
						<line hits="1" number="181"/>
						<line hits="1" number="182"/>
						<line hits="1" number="184"/>
						<line hits="1" number="185"/>
						<line hits="1" number="186"/>
						<line hits="1" number="187"/>
						<line hits="1" number="189"/>
						<line hits="1" number="191"/>
						<line hits="1" number="193"/>
						<line hits="1" number="194"/>
						<line hits="0" number="196"/>
						<line hits="1" number="198"/>
						<line hits="1" number="200"/>
						<line hits="1" number="202"/>
						<line hits="1" number="203"/>
						<line hits="1" number="205"/>
						<line hits="1" number="206"/>
						<line hits="1" number="208"/>
						<line hits="1" number="209"/>
						<line hits="1" number="210"/>
						<line hits="1" number="211"/>
						<line hits="1" number="212"/>
						<line hits="0" number="213"/>
						<line hits="0" number="214"/>
						<line hits="1" number="216"/>
						<line hits="1" number="217"/>
						<line hits="1" number="219"/>
						<line hits="1" number="221"/>
						<line hits="1" number="222"/>
						<line hits="0" number="223"/>
						<line hits="0" number="224"/>
						<line hits="0" number="225"/>
						<line hits="1" number="227"/>
						<line hits="1" number="229"/>
						<line hits="1" number="231"/>
						<line hits="1" number="232"/>
						<line hits="0" number="233"/>
						<line hits="0" number="234"/>
						<line hits="0" number="235"/>
						<line hits="1" number="237"/>
						<line hits="1" number="239"/>
						<line hits="1" number="241"/>
						<line hits="1" number="246"/>
						<line hits="1" number="248"/>
						<line hits="1" number="254"/>
						<line hits="1" number="256"/>
						<line hits="1" number="264"/>
						<line hits="1" number="266"/>
						<line hits="1" number="274"/>
						<line hits="1" number="276"/>
						<line hits="1" number="278"/>
						<line hits="0" number="279"/>
						<line hits="0" number="280"/>
						<line hits="1" number="282"/>
						<line hits="1" number="284"/>
						<line hits="1" number="285"/>
						<line hits="1" number="286"/>
						<line hits="0" number="287"/>
						<line hits="0" number="288"/>
						<line hits="1" number="290"/>
						<line hits="0" number="292"/>
						<line hits="0" number="293"/>
						<line hits="0" number="294"/>
						<line hits="0" number="296"/>
						<line hits="0" number="298"/>
						<line hits="1" number="300"/>
						<line hits="1" number="302"/>
						<line hits="1" number="303"/>
						<line hits="0" number="305"/>
						<line hits="0" number="313"/>
						<line hits="0" number="314"/>
						<line hits="0" number="315"/>
						<line hits="0" number="316"/>
						<line hits="1" number="318"/>
						<line hits="1" number="320"/>
						<line hits="1" number="322"/>
						<line hits="0" number="323"/>
						<line hits="0" number="325"/>
						<line hits="1" number="326"/>
						<line hits="0" number="327"/>
						<line hits="1" number="329"/>
						<line hits="1" number="331"/>
						<line hits="1" number="333"/>
						<line hits="1" number="335"/>
						<line hits="1" number="336"/>
						<line hits="1" number="338"/>
						<line hits="1" number="339"/>
						<line hits="1" number="341"/>
						<line hits="1" number="342"/>
						<line hits="1" number="343"/>
						<line hits="1" number="344"/>
						<line hits="1" number="345"/>
						<line hits="1" number="346"/>
						<line hits="1" number="347"/>
						<line hits="1" number="349"/>
						<line hits="1" number="350"/>
						<line hits="0" number="352"/>
						<line hits="0" number="353"/>
						<line hits="1" number="355"/>
						<line hits="1" number="357"/>
						<line hits="1" number="358"/>
						<line hits="1" number="359"/>
						<line hits="1" number="360"/>
						<line hits="1" number="361"/>
						<line hits="0" number="362"/>
						<line hits="0" number="363"/>
						<line hits="1" number="365"/>
						<line hits="1" number="367"/>
						<line hits="1" number="368"/>
						<line hits="1" number="370"/>
						<line hits="1" number="376"/>
						<line hits="1" number="378"/>
						<line hits="1" number="380"/>
						<line hits="1" number="382"/>
						<line hits="1" number="383"/>
						<line hits="1" number="385"/>
						<line hits="1" number="386"/>
						<line hits="1" number="388"/>
						<line hits="1" number="390"/>
						<line hits="1" number="392"/>
						<line hits="0" number="394"/>
						<line hits="1" number="396"/>
						<line hits="1" number="398"/>
						<line hits="1" number="400"/>
						<line hits="1" number="402"/>
						<line hits="1" number="404"/>
						<line hits="1" number="406"/>
						<line hits="1" number="408"/>
						<line hits="0" number="409"/>
						<line hits="1" number="411"/>
						<line hits="1" number="413"/>
						<line hits="1" number="415"/>
						<line hits="1" number="417"/>
						<line hits="1" number="418"/>
						<line hits="1" number="420"/>
						<line hits="1" number="422"/>
						<line hits="1" number="424"/>
						<line hits="0" number="425"/>
						<line hits="1" number="427"/>
						<line hits="1" number="429"/>
						<line hits="1" number="431"/>
						<line hits="1" number="433"/>
						<line hits="1" number="434"/>
						<line hits="1" number="435"/>
						<line hits="1" number="436"/>
						<line hits="0" number="442"/>
						<line hits="1" number="444"/>
						<line hits="1" number="446"/>
						<line hits="1" number="448"/>
						<line hits="1" number="449"/>
						<line hits="0" number="451"/>
						<line hits="1" number="458"/>
						<line hits="1" number="460"/>
						<line hits="1" number="461"/>
						<line hits="0" number="463"/>
						<line hits="1" number="468"/>
						<line hits="1" number="470"/>
						<line hits="1" number="471"/>
						<line hits="1" number="479"/>
						<line hits="1" number="482"/>
						<line hits="1" number="484"/>
						<line hits="1" number="486"/>
						<line hits="1" number="488"/>
						<line hits="1" number="489"/>
						<line hits="1" number="490"/>
						<line hits="1" number="491"/>
						<line hits="1" number="492"/>
						<line hits="1" number="493"/>
						<line hits="1" number="494"/>
						<line hits="1" number="495"/>
						<line hits="1" number="497"/>
						<line hits="1" number="499"/>
						<line hits="1" number="500"/>
						<line hits="1" number="501"/>
						<line hits="1" number="502"/>
						<line hits="1" number="503"/>
						<line hits="1" number="505"/>
						<line hits="1" number="516"/>
						<line hits="1" number="527"/>
						<line hits="1" number="528"/>
						<line hits="1" number="530"/>
						<line hits="1" number="531"/>
						<line hits="1" number="532"/>
						<line hits="1" number="534"/>
						<line hits="1" number="535"/>
						<line hits="1" number="537"/>
						<line hits="1" number="539"/>
						<line hits="1" number="542"/>
						<line hits="1" number="543"/>
						<line hits="1" number="544"/>
						<line hits="1" number="545"/>
						<line hits="1" number="547"/>
						<line hits="1" number="559"/>
						<line hits="1" number="580"/>
						<line hits="1" number="581"/>
						<line hits="1" number="582"/>
						<line hits="1" number="583"/>
						<line hits="1" number="584"/>
						<line hits="1" number="586"/>
						<line hits="1" number="587"/>
						<line hits="1" number="588"/>
						<line hits="1" number="589"/>
						<line hits="1" number="591"/>
						<line hits="1" number="592"/>
						<line hits="1" number="594"/>
						<line hits="1" number="596"/>
						<line hits="1" number="597"/>
						<line hits="1" number="599"/>
						<line hits="1" number="601"/>
						<line hits="1" number="602"/>
						<line hits="1" number="604"/>
						<line hits="1" number="606"/>
						<line hits="1" number="607"/>
						<line hits="1" number="608"/>
						<line hits="0" number="609"/>
						<line hits="0" number="610"/>
						<line hits="1" number="612"/>
						<line hits="1" number="613"/>
						<line hits="0" number="614"/>
						<line hits="0" number="615"/>
						<line hits="1" number="617"/>
						<line hits="1" number="619"/>
						<line hits="1" number="620"/>
						<line hits="1" number="621"/>
						<line hits="1" number="622"/>
						<line hits="0" number="623"/>
						<line hits="0" number="624"/>
						<line hits="0" number="625"/>
						<line hits="0" number="626"/>
						<line hits="0" number="628"/>
						<line hits="1" number="630"/>
						<line hits="1" number="632"/>
						<line hits="1" number="633"/>
						<line hits="0" number="635"/>
						<line hits="0" number="636"/>
						<line hits="0" number="637"/>
						<line hits="0" number="639"/>
						<line hits="1" number="641"/>
						<line hits="1" number="643"/>
						<line hits="1" number="644"/>
						<line hits="0" number="646"/>
						<line hits="0" number="647"/>
						<line hits="0" number="648"/>
						<line hits="0" number="650"/>
						<line hits="1" number="652"/>
						<line hits="1" number="654"/>
						<line hits="1" number="655"/>
						<line hits="1" number="657"/>
						<line hits="1" number="658"/>
						<line hits="1" number="659"/>
						<line hits="0" number="661"/>
						<line hits="1" number="663"/>
						<line hits="1" number="665"/>
						<line hits="1" number="666"/>
						<line hits="1" number="668"/>
						<line hits="1" number="670"/>
						<line hits="1" number="675"/>
						<line hits="1" number="678"/>
						<line hits="1" number="679"/>
						<line hits="0" number="685"/>
						<line hits="0" number="686"/>
						<line hits="0" number="687"/>
						<line hits="1" number="689"/>
						<line hits="1" number="691"/>
						<line hits="1" number="697"/>
						<line hits="1" number="700"/>
						<line hits="1" number="701"/>
						<line hits="0" number="707"/>
						<line hits="0" number="708"/>
						<line hits="0" number="709"/>
						<line hits="1" number="711"/>
						<line hits="1" number="713"/>
						<line hits="1" number="719"/>
						<line hits="1" number="721"/>
						<line hits="1" number="727"/>
						<line hits="1" number="729"/>
						<line hits="1" number="731"/>
						<line hits="0" number="732"/>
						<line hits="0" number="733"/>
						<line hits="1" number="735"/>
						<line hits="1" number="737"/>
						<line hits="1" number="744"/>
						<line hits="1" number="745"/>
						<line hits="1" number="746"/>
						<line hits="0" number="747"/>
						<line hits="0" number="748"/>
						<line hits="1" number="750"/>
						<line hits="1" number="751"/>
						<line hits="1" number="753"/>
						<line hits="1" number="754"/>
						<line hits="1" number="755"/>
						<line hits="1" number="757"/>
						<line hits="1" number="758"/>
						<line hits="1" number="759"/>
						<line hits="1" number="760"/>
						<line hits="1" number="762"/>
						<line hits="1" number="765"/>
						<line hits="1" number="766"/>
						<line hits="0" number="772"/>
						<line hits="0" number="773"/>
						<line hits="0" number="774"/>
						<line hits="1" number="776"/>
						<line hits="1" number="778"/>
						<line hits="1" number="780"/>
						<line hits="1" number="791"/>
						<line hits="1" number="792"/>
						<line hits="1" number="793"/>
						<line hits="1" number="794"/>
						<line hits="1" number="795"/>
						<line hits="0" number="797"/>
						<line hits="1" number="799"/>
						<line hits="1" number="801"/>
						<line hits="1" number="802"/>
						<line hits="1" number="803"/>
						<line hits="1" number="805"/>
						<line hits="1" number="806"/>
						<line hits="1" number="807"/>
						<line hits="1" number="809"/>
						<line hits="1" number="820"/>
						<line hits="1" number="821"/>
						<line hits="1" number="822"/>
						<line hits="1" number="824"/>
						<line hits="1" number="826"/>
						<line hits="1" number="827"/>
						<line hits="1" number="828"/>
						<line hits="1" number="829"/>
						<line hits="1" number="830"/>
						<line hits="1" number="832"/>
						<line hits="1" number="833"/>
						<line hits="1" number="835"/>
						<line hits="1" number="836"/>
						<line hits="1" number="837"/>
						<line hits="1" number="838"/>
						<line hits="1" number="839"/>
						<line hits="1" number="841"/>
						<line hits="1" number="842"/>
						<line hits="1" number="844"/>
						<line hits="1" number="845"/>
						<line hits="1" number="847"/>
						<line hits="1" number="848"/>
						<line hits="1" number="849"/>
						<line hits="1" number="850"/>
						<line hits="0" number="852"/>
						<line hits="0" number="853"/>
						<line hits="0" number="854"/>
						<line hits="1" number="856"/>
						<line hits="1" number="857"/>
						<line hits="1" number="859"/>
						<line hits="1" number="861"/>
						<line hits="1" number="862"/>
						<line hits="1" number="864"/>
						<line hits="1" number="865"/>
						<line hits="1" number="866"/>
						<line hits="1" number="868"/>
						<line hits="1" number="875"/>
						<line hits="1" number="885"/>
						<line hits="1" number="886"/>
						<line hits="1" number="888"/>
						<line hits="1" number="889"/>
						<line hits="1" number="891"/>
						<line hits="1" number="893"/>
						<line hits="1" number="894"/>
						<line hits="1" number="896"/>
						<line hits="1" number="897"/>
						<line hits="1" number="899"/>
						<line hits="1" number="900"/>
						<line hits="1" number="902"/>
						<line hits="1" number="904"/>
						<line hits="1" number="914"/>
						<line hits="0" number="915"/>
						<line hits="1" number="917"/>
						<line hits="1" number="919"/>
						<line hits="1" number="921"/>
						<line hits="1" number="930"/>
						<line hits="1" number="932"/>
						<line hits="1" number="939"/>
						<line hits="1" number="941"/>
						<line hits="1" number="943"/>
						<line hits="1" number="948"/>
						<line hits="1" number="957"/>
						<line hits="1" number="959"/>
						<line hits="1" number="961"/>
						<line hits="1" number="963"/>
						<line hits="1" number="964"/>
						<line hits="1" number="966"/>
						<line hits="1" number="967"/>
						<line hits="1" number="968"/>
						<line hits="1" number="969"/>
						<line hits="1" number="971"/>
						<line hits="1" number="972"/>
						<line hits="1" number="974"/>
						<line hits="1" number="976"/>
						<line hits="1" number="981"/>
						<line hits="1" number="986"/>
						<line hits="1" number="991"/>
						<line hits="1" number="993"/>
						<line hits="1" number="995"/>
						<line hits="1" number="997"/>
						<line hits="1" number="998"/>
						<line hits="1" number="1000"/>
						<line hits="0" number="1001"/>
						<line hits="0" number="1002"/>
						<line hits="1" number="1003"/>
						<line hits="1" number="1004"/>
						<line hits="1" number="1005"/>
						<line hits="0" number="1007"/>
						<line hits="1" number="1009"/>
						<line hits="1" number="1010"/>
						<line hits="1" number="1017"/>
						<line hits="1" number="1019"/>
						<line hits="1" number="1021"/>
						<line hits="1" number="1026"/>
						<line hits="1" number="1028"/>
						<line hits="1" number="1029"/>
						<line hits="0" number="1031"/>
						<line hits="0" number="1033"/>
						<line hits="0" number="1034"/>
						<line hits="0" number="1039"/>
						<line hits="1" number="1041"/>
						<line hits="0" number="1043"/>
						<line hits="0" number="1044"/>
						<line hits="0" number="1045"/>
						<line hits="0" number="1047"/>
						<line hits="0" number="1049"/>
						<line hits="1" number="1051"/>
						<line hits="1" number="1053"/>
						<line hits="1" number="1054"/>
						<line hits="1" number="1062"/>
						<line hits="1" number="1065"/>
						<line hits="1" number="1067"/>
						<line hits="1" number="1068"/>
						<line hits="1" number="1073"/>
						<line hits="1" number="1074"/>
						<line hits="0" number="1075"/>
						<line hits="0" number="1076"/>
						<line hits="1" number="1081"/>
					</lines>
				</class>
				<class branch-rate="0" complexity="0" filename="/var/lib/jenkins/workspace/noronha-dataops/noronha-test/noronha-dataops/noronha/bay/cargo.py" line-rate="0.9045" name="cargo.py">
					<methods/>
					<lines>
						<line hits="1" number="3"/>
						<line hits="1" number="5"/>
						<line hits="1" number="6"/>
						<line hits="1" number="7"/>
						<line hits="1" number="8"/>
						<line hits="1" number="9"/>
						<line hits="1" number="10"/>
						<line hits="1" number="12"/>
						<line hits="1" number="13"/>
						<line hits="1" number="14"/>
						<line hits="1" number="15"/>
						<line hits="1" number="16"/>
						<line hits="1" number="17"/>
						<line hits="1" number="18"/>
						<line hits="1" number="19"/>
						<line hits="1" number="20"/>
						<line hits="1" number="23"/>
						<line hits="1" number="25"/>
						<line hits="1" number="27"/>
						<line hits="1" number="29"/>
						<line hits="0" number="32"/>
						<line hits="1" number="35"/>
						<line hits="1" number="37"/>
						<line hits="1" number="39"/>
						<line hits="1" number="40"/>
						<line hits="1" number="42"/>
						<line hits="1" number="45"/>
						<line hits="1" number="46"/>
						<line hits="1" number="47"/>
						<line hits="1" number="49"/>
						<line hits="1" number="51"/>
						<line hits="1" number="52"/>
						<line hits="1" number="55"/>
						<line hits="1" number="57"/>
						<line hits="0" number="59"/>
						<line hits="0" number="60"/>
						<line hits="1" number="62"/>
						<line hits="0" number="64"/>
						<line hits="0" number="65"/>
						<line hits="1" number="68"/>
						<line hits="1" number="70"/>
						<line hits="1" number="72"/>
						<line hits="1" number="73"/>
						<line hits="1" number="75"/>
						<line hits="1" number="77"/>
						<line hits="1" number="79"/>
						<line hits="1" number="81"/>
						<line hits="1" number="83"/>
						<line hits="1" number="89"/>
						<line hits="0" number="90"/>
						<line hits="1" number="92"/>
						<line hits="1" number="95"/>
						<line hits="1" number="97"/>
						<line hits="1" number="100"/>
						<line hits="1" number="101"/>
						<line hits="1" number="102"/>
						<line hits="1" number="104"/>
						<line hits="1" number="106"/>
						<line hits="1" number="107"/>
						<line hits="1" number="108"/>
						<line hits="1" number="109"/>
						<line hits="1" number="111"/>
						<line hits="1" number="114"/>
						<line hits="1" number="116"/>
						<line hits="1" number="118"/>
						<line hits="1" number="120"/>
						<line hits="0" number="121"/>
						<line hits="1" number="124"/>
						<line hits="1" number="126"/>
						<line hits="1" number="128"/>
						<line hits="1" number="135"/>
						<line hits="1" number="137"/>
						<line hits="1" number="139"/>
						<line hits="1" number="140"/>
						<line hits="1" number="141"/>
						<line hits="1" number="142"/>
						<line hits="1" number="148"/>
						<line hits="1" number="151"/>
						<line hits="1" number="154"/>
						<line hits="1" number="156"/>
						<line hits="1" number="158"/>
						<line hits="1" number="168"/>
						<line hits="1" number="170"/>
						<line hits="1" number="172"/>
						<line hits="1" number="181"/>
						<line hits="1" number="183"/>
						<line hits="0" number="185"/>
						<line hits="1" number="194"/>
						<line hits="1" number="196"/>
						<line hits="1" number="198"/>
						<line hits="1" number="200"/>
						<line hits="1" number="205"/>
						<line hits="1" number="206"/>
						<line hits="1" number="208"/>
						<line hits="1" number="222"/>
						<line hits="1" number="224"/>
						<line hits="1" number="226"/>
						<line hits="1" number="227"/>
						<line hits="1" number="241"/>
						<line hits="0" number="243"/>
						<line hits="1" number="249"/>
						<line hits="0" number="251"/>
						<line hits="0" number="252"/>
						<line hits="0" number="253"/>
						<line hits="1" number="256"/>
						<line hits="1" number="258"/>
						<line hits="1" number="260"/>
						<line hits="1" number="261"/>
						<line hits="1" number="262"/>
						<line hits="1" number="264"/>
						<line hits="0" number="266"/>
						<line hits="1" number="271"/>
						<line hits="0" number="273"/>
						<line hits="1" number="276"/>
						<line hits="1" number="278"/>
						<line hits="1" number="280"/>
						<line hits="1" number="285"/>
						<line hits="1" number="286"/>
						<line hits="1" number="287"/>
						<line hits="1" number="296"/>
						<line hits="1" number="298"/>
						<line hits="1" number="300"/>
						<line hits="1" number="301"/>
						<line hits="1" number="303"/>
						<line hits="1" number="314"/>
						<line hits="1" number="323"/>
						<line hits="1" number="325"/>
						<line hits="1" number="327"/>
						<line hits="1" number="335"/>
						<line hits="1" number="336"/>
						<line hits="1" number="337"/>
						<line hits="1" number="339"/>
						<line hits="1" number="340"/>
						<line hits="1" number="341"/>
						<line hits="1" number="342"/>
						<line hits="1" number="343"/>
						<line hits="1" number="345"/>
						<line hits="1" number="347"/>
						<line hits="1" number="349"/>
						<line hits="1" number="351"/>
						<line hits="1" number="353"/>
						<line hits="1" number="354"/>
						<line hits="1" number="356"/>
						<line hits="1" number="358"/>
						<line hits="1" number="359"/>
						<line hits="0" number="360"/>
						<line hits="1" number="362"/>
						<line hits="1" number="364"/>
						<line hits="1" number="366"/>
						<line hits="1" number="368"/>
						<line hits="1" number="370"/>
						<line hits="1" number="372"/>
						<line hits="1" number="373"/>
						<line hits="1" number="375"/>
						<line hits="1" number="376"/>
						<line hits="1" number="377"/>
						<line hits="1" number="379"/>
					</lines>
				</class>
				<class branch-rate="0" complexity="0" filename="/var/lib/jenkins/workspace/noronha-dataops/noronha-test/noronha-dataops/noronha/bay/compass.py" line-rate="0.8534" name="compass.py">
					<methods/>
					<lines>
						<line hits="1" number="3"/>
						<line hits="1" number="11"/>
						<line hits="1" number="12"/>
						<line hits="1" number="13"/>
						<line hits="1" number="15"/>
						<line hits="1" number="16"/>
						<line hits="1" number="17"/>
						<line hits="1" number="18"/>
						<line hits="1" number="19"/>
						<line hits="1" number="20"/>
						<line hits="1" number="21"/>
						<line hits="1" number="24"/>
						<line hits="0" number="26"/>
						<line hits="1" number="29"/>
						<line hits="0" number="31"/>
						<line hits="0" number="32"/>
						<line hits="0" number="33"/>
						<line hits="0" number="34"/>
						<line hits="0" number="35"/>
						<line hits="1" number="38"/>
						<line hits="1" number="40"/>
						<line hits="1" number="42"/>
						<line hits="1" number="44"/>
						<line hits="1" number="46"/>
						<line hits="1" number="47"/>
						<line hits="1" number="48"/>
						<line hits="1" number="51"/>
						<line hits="1" number="53"/>
						<line hits="1" number="55"/>
						<line hits="1" number="57"/>
						<line hits="1" number="58"/>
						<line hits="1" number="60"/>
						<line hits="1" number="61"/>
						<line hits="0" number="63"/>
						<line hits="1" number="65"/>
						<line hits="1" number="68"/>
						<line hits="1" number="69"/>
						<line hits="0" number="71"/>
						<line hits="1" number="73"/>
						<line hits="1" number="76"/>
						<line hits="1" number="77"/>
						<line hits="0" number="79"/>
						<line hits="1" number="81"/>
						<line hits="0" number="84"/>
						<line hits="0" number="85"/>
						<line hits="0" number="87"/>
						<line hits="1" number="90"/>
						<line hits="1" number="92"/>
						<line hits="1" number="94"/>
						<line hits="1" number="95"/>
						<line hits="1" number="96"/>
						<line hits="1" number="97"/>
						<line hits="1" number="99"/>
						<line hits="1" number="102"/>
						<line hits="1" number="104"/>
						<line hits="1" number="107"/>
						<line hits="1" number="109"/>
						<line hits="0" number="112"/>
						<line hits="1" number="114"/>
						<line hits="1" number="116"/>
						<line hits="1" number="117"/>
						<line hits="1" number="119"/>
						<line hits="1" number="120"/>
						<line hits="0" number="121"/>
						<line hits="0" number="122"/>
						<line hits="1" number="127"/>
						<line hits="1" number="129"/>
						<line hits="1" number="132"/>
						<line hits="1" number="134"/>
						<line hits="1" number="137"/>
						<line hits="1" number="140"/>
						<line hits="1" number="142"/>
						<line hits="1" number="143"/>
						<line hits="1" number="144"/>
						<line hits="1" number="145"/>
						<line hits="1" number="146"/>
						<line hits="1" number="147"/>
						<line hits="1" number="148"/>
						<line hits="1" number="149"/>
						<line hits="1" number="150"/>
						<line hits="1" number="158"/>
						<line hits="1" number="161"/>
						<line hits="1" number="162"/>
						<line hits="1" number="164"/>
						<line hits="1" number="167"/>
						<line hits="1" number="169"/>
						<line hits="1" number="171"/>
						<line hits="1" number="172"/>
						<line hits="1" number="174"/>
						<line hits="1" number="175"/>
						<line hits="1" number="176"/>
						<line hits="0" number="178"/>
						<line hits="0" number="180"/>
						<line hits="0" number="183"/>
						<line hits="0" number="184"/>
						<line hits="0" number="185"/>
						<line hits="0" number="186"/>
						<line hits="0" number="189"/>
						<line hits="1" number="191"/>
						<line hits="1" number="194"/>
						<line hits="1" number="196"/>
						<line hits="0" number="199"/>
						<line hits="1" number="201"/>
						<line hits="0" number="204"/>
						<line hits="1" number="206"/>
						<line hits="1" number="207"/>
						<line hits="0" number="209"/>
						<line hits="1" number="211"/>
						<line hits="1" number="212"/>
						<line hits="0" number="214"/>
						<line hits="1" number="217"/>
						<line hits="1" number="219"/>
						<line hits="1" number="221"/>
						<line hits="0" number="223"/>
						<line hits="1" number="225"/>
						<line hits="0" number="227"/>
						<line hits="1" number="229"/>
						<line hits="0" number="231"/>
						<line hits="1" number="233"/>
						<line hits="0" number="235"/>
						<line hits="1" number="238"/>
						<line hits="1" number="240"/>
						<line hits="1" number="241"/>
						<line hits="1" number="242"/>
						<line hits="1" number="243"/>
						<line hits="1" number="244"/>
						<line hits="1" number="245"/>
						<line hits="1" number="247"/>
						<line hits="1" number="249"/>
						<line hits="1" number="250"/>
						<line hits="1" number="252"/>
						<line hits="1" number="254"/>
						<line hits="1" number="256"/>
						<line hits="1" number="257"/>
						<line hits="1" number="259"/>
						<line hits="1" number="261"/>
						<line hits="1" number="263"/>
						<line hits="1" number="265"/>
						<line hits="1" number="268"/>
						<line hits="1" number="270"/>
						<line hits="1" number="272"/>
						<line hits="1" number="274"/>
						<line hits="1" number="275"/>
						<line hits="1" number="276"/>
						<line hits="1" number="277"/>
						<line hits="1" number="278"/>
						<line hits="1" number="281"/>
						<line hits="1" number="283"/>
						<line hits="1" number="289"/>
						<line hits="1" number="291"/>
						<line hits="1" number="293"/>
						<line hits="1" number="295"/>
						<line hits="0" number="298"/>
						<line hits="0" number="299"/>
						<line hits="0" number="301"/>
						<line hits="1" number="304"/>
						<line hits="1" number="306"/>
						<line hits="1" number="308"/>
						<line hits="1" number="309"/>
						<line hits="1" number="310"/>
						<line hits="1" number="311"/>
						<line hits="1" number="312"/>
						<line hits="1" number="314"/>
						<line hits="1" number="317"/>
						<line hits="1" number="319"/>
						<line hits="1" number="322"/>
						<line hits="1" number="324"/>
						<line hits="1" number="327"/>
						<line hits="1" number="329"/>
						<line hits="1" number="332"/>
						<line hits="1" number="334"/>
						<line hits="1" number="337"/>
						<line hits="0" number="338"/>
						<line hits="1" number="340"/>
						<line hits="1" number="342"/>
						<line hits="1" number="345"/>
						<line hits="1" number="347"/>
						<line hits="1" number="350"/>
						<line hits="1" number="352"/>
						<line hits="1" number="355"/>
						<line hits="1" number="363"/>
						<line hits="1" number="365"/>
						<line hits="1" number="366"/>
						<line hits="1" number="368"/>
						<line hits="1" number="369"/>
						<line hits="1" number="370"/>
						<line hits="1" number="371"/>
						<line hits="1" number="372"/>
						<line hits="1" number="373"/>
						<line hits="1" number="374"/>
						<line hits="1" number="375"/>
						<line hits="1" number="376"/>
						<line hits="1" number="377"/>
						<line hits="1" number="378"/>
						<line hits="1" number="379"/>
						<line hits="1" number="380"/>
						<line hits="1" number="381"/>
						<line hits="1" number="383"/>
						<line hits="1" number="385"/>
						<line hits="1" number="386"/>
						<line hits="1" number="388"/>
						<line hits="1" number="389"/>
						<line hits="1" number="390"/>
						<line hits="1" number="391"/>
						<line hits="1" number="392"/>
						<line hits="1" number="393"/>
						<line hits="0" number="395"/>
						<line hits="1" number="397"/>
						<line hits="1" number="400"/>
						<line hits="1" number="402"/>
						<line hits="0" number="405"/>
						<line hits="1" number="407"/>
						<line hits="1" number="410"/>
						<line hits="1" number="412"/>
						<line hits="1" number="415"/>
						<line hits="1" number="416"/>
						<line hits="1" number="418"/>
						<line hits="1" number="421"/>
						<line hits="1" number="423"/>
						<line hits="1" number="426"/>
						<line hits="1" number="428"/>
						<line hits="1" number="429"/>
						<line hits="1" number="430"/>
						<line hits="0" number="431"/>
						<line hits="1" number="432"/>
						<line hits="0" number="433"/>
						<line hits="1" number="435"/>
						<line hits="1" number="436"/>
						<line hits="1" number="437"/>
						<line hits="0" number="438"/>
						<line hits="1" number="440"/>
						<line hits="0" number="442"/>
						<line hits="1" number="444"/>
						<line hits="1" number="446"/>
						<line hits="1" number="449"/>
						<line hits="1" number="451"/>
						<line hits="1" number="452"/>
						<line hits="1" number="453"/>
						<line hits="0" number="454"/>
						<line hits="1" number="456"/>
						<line hits="1" number="457"/>
						<line hits="1" number="458"/>
						<line hits="0" number="459"/>
						<line hits="1" number="461"/>
						<line hits="0" number="463"/>
						<line hits="1" number="465"/>
						<line hits="1" number="467"/>
						<line hits="1" number="470"/>
						<line hits="1" number="471"/>
						<line hits="1" number="473"/>
						<line hits="1" number="475"/>
						<line hits="1" number="478"/>
						<line hits="1" number="479"/>
						<line hits="1" number="481"/>
						<line hits="1" number="483"/>
						<line hits="1" number="485"/>
						<line hits="1" number="486"/>
						<line hits="1" number="491"/>
						<line hits="1" number="494"/>
						<line hits="1" number="497"/>
						<line hits="1" number="499"/>
						<line hits="1" number="500"/>
						<line hits="1" number="502"/>
						<line hits="1" number="505"/>
						<line hits="1" number="507"/>
						<line hits="1" number="508"/>
						<line hits="1" number="510"/>
						<line hits="1" number="511"/>
						<line hits="1" number="512"/>
						<line hits="1" number="513"/>
						<line hits="1" number="514"/>
						<line hits="1" number="515"/>
						<line hits="1" number="517"/>
						<line hits="1" number="520"/>
						<line hits="1" number="522"/>
						<line hits="1" number="525"/>
						<line hits="1" number="534"/>
						<line hits="1" number="537"/>
						<line hits="1" number="538"/>
						<line hits="0" number="540"/>
						<line hits="1" number="543"/>
						<line hits="1" number="545"/>
						<line hits="1" number="546"/>
						<line hits="1" number="548"/>
						<line hits="1" number="549"/>
						<line hits="1" number="550"/>
						<line hits="1" number="552"/>
						<line hits="1" number="554"/>
						<line hits="1" number="555"/>
						<line hits="1" number="558"/>
						<line hits="1" number="560"/>
						<line hits="1" number="562"/>
						<line hits="1" number="565"/>
						<line hits="1" number="572"/>
						<line hits="1" number="574"/>
						<line hits="1" number="575"/>
						<line hits="1" number="577"/>
						<line hits="1" number="578"/>
						<line hits="1" number="581"/>
						<line hits="1" number="583"/>
						<line hits="1" number="584"/>
						<line hits="1" number="586"/>
						<line hits="1" number="587"/>
						<line hits="1" number="588"/>
						<line hits="1" number="589"/>
						<line hits="1" number="591"/>
						<line hits="0" number="593"/>
					</lines>
				</class>
				<class branch-rate="0" complexity="0" filename="/var/lib/jenkins/workspace/noronha-dataops/noronha-test/noronha-dataops/noronha/bay/expedition.py" line-rate="0.8774" name="expedition.py">
					<methods/>
					<lines>
						<line hits="1" number="3"/>
						<line hits="1" number="4"/>
						<line hits="1" number="6"/>
						<line hits="1" number="7"/>
						<line hits="1" number="9"/>
						<line hits="1" number="10"/>
						<line hits="1" number="11"/>
						<line hits="1" number="12"/>
						<line hits="1" number="13"/>
						<line hits="1" number="14"/>
						<line hits="1" number="15"/>
						<line hits="1" number="16"/>
						<line hits="1" number="17"/>
						<line hits="1" number="18"/>
						<line hits="1" number="21"/>
						<line hits="1" number="23"/>
						<line hits="1" number="24"/>
						<line hits="1" number="26"/>
						<line hits="1" number="30"/>
						<line hits="1" number="31"/>
						<line hits="1" number="32"/>
						<line hits="1" number="33"/>
						<line hits="1" number="34"/>
						<line hits="1" number="35"/>
						<line hits="1" number="36"/>
						<line hits="1" number="37"/>
						<line hits="1" number="38"/>
						<line hits="1" number="39"/>
						<line hits="1" number="40"/>
						<line hits="1" number="42"/>
						<line hits="1" number="43"/>
						<line hits="1" number="45"/>
						<line hits="1" number="46"/>
						<line hits="1" number="48"/>
						<line hits="1" number="50"/>
						<line hits="1" number="53"/>
						<line hits="1" number="55"/>
						<line hits="1" number="57"/>
						<line hits="1" number="58"/>
						<line hits="1" number="60"/>
						<line hits="0" number="61"/>
						<line hits="0" number="65"/>
						<line hits="1" number="67"/>
						<line hits="1" number="69"/>
						<line hits="1" number="71"/>
						<line hits="1" number="73"/>
						<line hits="1" number="75"/>
						<line hits="1" number="87"/>
						<line hits="1" number="89"/>
						<line hits="1" number="91"/>
						<line hits="1" number="92"/>
						<line hits="1" number="93"/>
						<line hits="1" number="95"/>
						<line hits="1" number="100"/>
						<line hits="1" number="105"/>
						<line hits="1" number="114"/>
						<line hits="0" number="117"/>
						<line hits="1" number="119"/>
						<line hits="1" number="121"/>
						<line hits="1" number="123"/>
						<line hits="1" number="125"/>
						<line hits="1" number="129"/>
						<line hits="1" number="131"/>
						<line hits="1" number="135"/>
						<line hits="1" number="137"/>
						<line hits="1" number="142"/>
						<line hits="1" number="144"/>
						<line hits="1" number="146"/>
						<line hits="1" number="148"/>
						<line hits="1" number="149"/>
						<line hits="1" number="151"/>
						<line hits="1" number="153"/>
						<line hits="1" number="155"/>
						<line hits="1" number="156"/>
						<line hits="1" number="158"/>
						<line hits="1" number="159"/>
						<line hits="1" number="160"/>
						<line hits="1" number="162"/>
						<line hits="1" number="164"/>
						<line hits="0" number="165"/>
						<line hits="0" number="166"/>
						<line hits="1" number="169"/>
						<line hits="1" number="171"/>
						<line hits="1" number="173"/>
						<line hits="1" number="175"/>
						<line hits="1" number="176"/>
						<line hits="0" number="177"/>
						<line hits="0" number="178"/>
						<line hits="0" number="179"/>
						<line hits="1" number="181"/>
						<line hits="1" number="183"/>
						<line hits="1" number="185"/>
						<line hits="1" number="186"/>
						<line hits="1" number="188"/>
						<line hits="1" number="189"/>
						<line hits="1" number="190"/>
						<line hits="1" number="192"/>
						<line hits="1" number="194"/>
						<line hits="0" number="195"/>
						<line hits="0" number="196"/>
						<line hits="0" number="197"/>
						<line hits="1" number="199"/>
						<line hits="1" number="201"/>
						<line hits="1" number="202"/>
						<line hits="0" number="203"/>
						<line hits="0" number="204"/>
					</lines>
				</class>
				<class branch-rate="0" complexity="0" filename="/var/lib/jenkins/workspace/noronha-dataops/noronha-test/noronha-dataops/noronha/bay/island.py" line-rate="0.9403" name="island.py">
					<methods/>
					<lines>
						<line hits="1" number="3"/>
						<line hits="1" number="4"/>
						<line hits="1" number="6"/>
						<line hits="1" number="7"/>
						<line hits="1" number="8"/>
						<line hits="1" number="9"/>
						<line hits="1" number="10"/>
						<line hits="1" number="11"/>
						<line hits="1" number="12"/>
						<line hits="1" number="13"/>
						<line hits="1" number="16"/>
						<line hits="1" number="18"/>
						<line hits="1" number="19"/>
						<line hits="1" number="20"/>
						<line hits="1" number="22"/>
						<line hits="1" number="24"/>
						<line hits="1" number="26"/>
						<line hits="1" number="31"/>
						<line hits="1" number="36"/>
						<line hits="1" number="38"/>
						<line hits="1" number="39"/>
						<line hits="1" number="43"/>
						<line hits="1" number="48"/>
						<line hits="1" number="49"/>
						<line hits="1" number="51"/>
						<line hits="1" number="52"/>
						<line hits="1" number="54"/>
						<line hits="1" number="55"/>
						<line hits="1" number="57"/>
						<line hits="1" number="60"/>
						<line hits="1" number="62"/>
						<line hits="1" number="65"/>
						<line hits="1" number="67"/>
						<line hits="1" number="69"/>
						<line hits="1" number="71"/>
						<line hits="1" number="73"/>
						<line hits="1" number="75"/>
						<line hits="1" number="77"/>
						<line hits="1" number="79"/>
						<line hits="0" number="80"/>
						<line hits="1" number="82"/>
						<line hits="1" number="84"/>
						<line hits="1" number="87"/>
						<line hits="1" number="89"/>
						<line hits="1" number="91"/>
						<line hits="1" number="93"/>
						<line hits="1" number="102"/>
						<line hits="1" number="104"/>
						<line hits="1" number="111"/>
						<line hits="1" number="113"/>
						<line hits="1" number="115"/>
						<line hits="1" number="117"/>
						<line hits="1" number="127"/>
						<line hits="1" number="129"/>
						<line hits="1" number="131"/>
						<line hits="0" number="133"/>
						<line hits="1" number="143"/>
						<line hits="1" number="145"/>
						<line hits="1" number="147"/>
						<line hits="1" number="149"/>
						<line hits="1" number="152"/>
						<line hits="1" number="154"/>
						<line hits="1" number="161"/>
						<line hits="1" number="162"/>
						<line hits="0" number="163"/>
						<line hits="0" number="164"/>
						<line hits="1" number="169"/>
					</lines>
				</class>
				<class branch-rate="0" complexity="0" filename="/var/lib/jenkins/workspace/noronha-dataops/noronha-test/noronha-dataops/noronha/bay/shipyard.py" line-rate="0.7787" name="shipyard.py">
					<methods/>
					<lines>
						<line hits="1" number="3"/>
						<line hits="1" number="5"/>
						<line hits="1" number="6"/>
						<line hits="1" number="8"/>
						<line hits="1" number="9"/>
						<line hits="1" number="10"/>
						<line hits="1" number="11"/>
						<line hits="1" number="12"/>
						<line hits="1" number="13"/>
						<line hits="1" number="14"/>
						<line hits="1" number="15"/>
						<line hits="1" number="16"/>
						<line hits="1" number="19"/>
						<line hits="1" number="21"/>
						<line hits="1" number="24"/>
						<line hits="1" number="25"/>
						<line hits="1" number="26"/>
						<line hits="1" number="27"/>
						<line hits="1" number="28"/>
						<line hits="1" number="29"/>
						<line hits="1" number="31"/>
						<line hits="1" number="32"/>
						<line hits="0" number="34"/>
						<line hits="0" number="36"/>
						<line hits="1" number="43"/>
						<line hits="1" number="44"/>
						<line hits="1" number="46"/>
						<line hits="1" number="48"/>
						<line hits="1" number="56"/>
						<line hits="1" number="57"/>
						<line hits="1" number="59"/>
						<line hits="1" number="61"/>
						<line hits="1" number="69"/>
						<line hits="1" number="72"/>
						<line hits="1" number="74"/>
						<line hits="1" number="77"/>
						<line hits="1" number="79"/>
						<line hits="1" number="82"/>
						<line hits="1" number="84"/>
						<line hits="0" number="86"/>
						<line hits="0" number="87"/>
						<line hits="0" number="88"/>
						<line hits="0" number="89"/>
						<line hits="0" number="90"/>
						<line hits="0" number="92"/>
						<line hits="1" number="95"/>
						<line hits="1" number="97"/>
						<line hits="1" number="99"/>
						<line hits="1" number="100"/>
						<line hits="1" number="102"/>
						<line hits="1" number="103"/>
						<line hits="0" number="105"/>
						<line hits="1" number="108"/>
						<line hits="1" number="110"/>
						<line hits="1" number="112"/>
						<line hits="1" number="113"/>
						<line hits="1" number="114"/>
						<line hits="1" number="115"/>
						<line hits="1" number="117"/>
						<line hits="0" number="119"/>
						<line hits="0" number="120"/>
						<line hits="0" number="121"/>
						<line hits="0" number="122"/>
						<line hits="0" number="123"/>
						<line hits="0" number="124"/>
						<line hits="0" number="125"/>
						<line hits="1" number="127"/>
						<line hits="1" number="130"/>
						<line hits="1" number="132"/>
						<line hits="1" number="134"/>
						<line hits="1" number="140"/>
						<line hits="1" number="142"/>
						<line hits="1" number="143"/>
						<line hits="1" number="144"/>
						<line hits="1" number="145"/>
						<line hits="1" number="147"/>
						<line hits="0" number="148"/>
						<line hits="1" number="153"/>
						<line hits="1" number="156"/>
						<line hits="1" number="158"/>
						<line hits="1" number="160"/>
						<line hits="1" number="162"/>
						<line hits="1" number="163"/>
						<line hits="1" number="164"/>
						<line hits="1" number="165"/>
						<line hits="1" number="167"/>
[...]
						<line hits="0" number="108"/>
						<line hits="0" number="109"/>
						<line hits="0" number="111"/>
						<line hits="1" number="112"/>
						<line hits="0" number="113"/>
						<line hits="1" number="115"/>
						<line hits="1" number="116"/>
						<line hits="1" number="119"/>
						<line hits="0" number="121"/>
						<line hits="0" number="122"/>
						<line hits="0" number="123"/>
						<line hits="0" number="124"/>
						<line hits="0" number="125"/>
						<line hits="0" number="126"/>
						<line hits="0" number="127"/>
						<line hits="0" number="128"/>
						<line hits="0" number="129"/>
						<line hits="0" number="131"/>
						<line hits="1" number="134"/>
						<line hits="1" number="136"/>
						<line hits="0" number="137"/>
						<line hits="0" number="138"/>
						<line hits="0" number="140"/>
						<line hits="1" number="142"/>
						<line hits="1" number="143"/>
						<line hits="1" number="145"/>
						<line hits="0" number="146"/>
						<line hits="1" number="148"/>
						<line hits="0" number="149"/>
						<line hits="1" number="151"/>
						<line hits="1" number="154"/>
						<line hits="1" number="156"/>
						<line hits="1" number="157"/>
						<line hits="1" number="159"/>
						<line hits="1" number="162"/>
						<line hits="1" number="164"/>
						<line hits="0" number="165"/>
						<line hits="1" number="166"/>
						<line hits="1" number="167"/>
						<line hits="0" number="169"/>
					</lines>
				</class>
			</classes>
		</package>
		<package branch-rate="0" complexity="0" line-rate="0.8322" name=".var.lib.jenkins.workspace.noronha-dataops.noronha-test.noronha-dataops.noronha.db">
			<classes>
				<class branch-rate="0" complexity="0" filename="/var/lib/jenkins/workspace/noronha-dataops/noronha-test/noronha-dataops/noronha/db/__init__.py" line-rate="1" name="__init__.py">
					<methods/>
					<lines>
						<line hits="1" number="3"/>
					</lines>
				</class>
				<class branch-rate="0" complexity="0" filename="/var/lib/jenkins/workspace/noronha-dataops/noronha-test/noronha-dataops/noronha/db/bvers.py" line-rate="0.9302" name="bvers.py">
					<methods/>
					<lines>
						<line hits="1" number="3"/>
						<line hits="1" number="9"/>
						<line hits="1" number="10"/>
						<line hits="1" number="11"/>
						<line hits="1" number="12"/>
						<line hits="1" number="14"/>
						<line hits="1" number="15"/>
						<line hits="1" number="16"/>
						<line hits="1" number="19"/>
						<line hits="1" number="21"/>
						<line hits="1" number="24"/>
						<line hits="1" number="26"/>
						<line hits="1" number="28"/>
						<line hits="1" number="29"/>
						<line hits="1" number="30"/>
						<line hits="1" number="31"/>
						<line hits="1" number="32"/>
						<line hits="1" number="35"/>
						<line hits="1" number="37"/>
						<line hits="1" number="38"/>
						<line hits="1" number="39"/>
						<line hits="1" number="41"/>
						<line hits="1" number="42"/>
						<line hits="1" number="43"/>
						<line hits="1" number="44"/>
						<line hits="1" number="45"/>
						<line hits="1" number="46"/>
						<line hits="1" number="48"/>
						<line hits="0" number="51"/>
						<line hits="0" number="53"/>
						<line hits="0" number="54"/>
						<line hits="1" number="56"/>
						<line hits="1" number="58"/>
						<line hits="1" number="59"/>
						<line hits="1" number="61"/>
						<line hits="1" number="63"/>
						<line hits="1" number="65"/>
						<line hits="1" number="66"/>
						<line hits="1" number="68"/>
						<line hits="1" number="69"/>
						<line hits="1" number="70"/>
						<line hits="1" number="71"/>
						<line hits="1" number="74"/>
					</lines>
				</class>
				<class branch-rate="0" complexity="0" filename="/var/lib/jenkins/workspace/noronha-dataops/noronha-test/noronha-dataops/noronha/db/depl.py" line-rate="0.7234" name="depl.py">
					<methods/>
					<lines>
						<line hits="1" number="3"/>
						<line hits="1" number="4"/>
						<line hits="1" number="6"/>
						<line hits="1" number="7"/>
						<line hits="1" number="8"/>
						<line hits="1" number="9"/>
						<line hits="1" number="10"/>
						<line hits="1" number="11"/>
						<line hits="1" number="12"/>
						<line hits="1" number="15"/>
						<line hits="1" number="17"/>
						<line hits="1" number="20"/>
						<line hits="1" number="22"/>
						<line hits="1" number="23"/>
						<line hits="1" number="25"/>
						<line hits="1" number="26"/>
						<line hits="1" number="27"/>
						<line hits="1" number="28"/>
						<line hits="1" number="29"/>
						<line hits="1" number="30"/>
						<line hits="1" number="31"/>
						<line hits="1" number="32"/>
						<line hits="1" number="34"/>
						<line hits="1" number="36"/>
						<line hits="1" number="38"/>
						<line hits="1" number="39"/>
						<line hits="1" number="41"/>
						<line hits="1" number="43"/>
						<line hits="1" number="45"/>
						<line hits="1" number="46"/>
						<line hits="1" number="48"/>
						<line hits="0" number="49"/>
						<line hits="0" number="50"/>
						<line hits="1" number="52"/>
						<line hits="0" number="54"/>
						<line hits="0" number="55"/>
						<line hits="0" number="57"/>
						<line hits="0" number="58"/>
						<line hits="0" number="59"/>
						<line hits="0" number="60"/>
						<line hits="1" number="62"/>
						<line hits="0" number="65"/>
						<line hits="0" number="70"/>
						<line hits="1" number="72"/>
						<line hits="0" number="74"/>
						<line hits="0" number="75"/>
						<line hits="0" number="76"/>
					</lines>
				</class>
				<class branch-rate="0" complexity="0" filename="/var/lib/jenkins/workspace/noronha-dataops/noronha-test/noronha-dataops/noronha/db/ds.py" line-rate="1" name="ds.py">
					<methods/>
					<lines>
						<line hits="1" number="3"/>
						<line hits="1" number="4"/>
						<line hits="1" number="6"/>
						<line hits="1" number="7"/>
						<line hits="1" number="8"/>
						<line hits="1" number="11"/>
						<line hits="1" number="13"/>
						<line hits="1" number="16"/>
						<line hits="1" number="18"/>
						<line hits="1" number="20"/>
						<line hits="1" number="21"/>
						<line hits="1" number="22"/>
						<line hits="1" number="23"/>
						<line hits="1" number="24"/>
						<line hits="1" number="27"/>
						<line hits="1" number="29"/>
						<line hits="1" number="30"/>
						<line hits="1" number="31"/>
						<line hits="1" number="33"/>
						<line hits="1" number="34"/>
						<line hits="1" number="35"/>
						<line hits="1" number="36"/>
						<line hits="1" number="37"/>
					</lines>
				</class>
				<class branch-rate="0" complexity="0" filename="/var/lib/jenkins/workspace/noronha-dataops/noronha-test/noronha-dataops/noronha/db/main.py" line-rate="0.7222" name="main.py">
					<methods/>
					<lines>
						<line hits="1" number="3"/>
						<line hits="1" number="5"/>
						<line hits="1" number="6"/>
						<line hits="1" number="7"/>
						<line hits="1" number="8"/>
						<line hits="1" number="9"/>
						<line hits="1" number="10"/>
						<line hits="1" number="11"/>
						<line hits="1" number="12"/>
						<line hits="1" number="13"/>
						<line hits="1" number="14"/>
						<line hits="1" number="15"/>
						<line hits="1" number="16"/>
						<line hits="1" number="17"/>
						<line hits="1" number="19"/>
						<line hits="1" number="20"/>
						<line hits="1" number="21"/>
						<line hits="1" number="22"/>
						<line hits="1" number="25"/>
						<line hits="1" number="26"/>
						<line hits="1" number="28"/>
						<line hits="1" number="36"/>
						<line hits="1" number="38"/>
						<line hits="1" number="39"/>
						<line hits="1" number="41"/>
						<line hits="1" number="43"/>
						<line hits="1" number="44"/>
						<line hits="1" number="46"/>
						<line hits="1" number="47"/>
						<line hits="0" number="49"/>
						<line hits="1" number="51"/>
						<line hits="1" number="52"/>
						<line hits="1" number="54"/>
						<line hits="1" number="56"/>
						<line hits="1" number="58"/>
						<line hits="1" number="59"/>
						<line hits="1" number="64"/>
						<line hits="0" number="65"/>
						<line hits="0" number="66"/>
						<line hits="0" number="67"/>
						<line hits="1" number="69"/>
						<line hits="1" number="71"/>
						<line hits="1" number="73"/>
						<line hits="0" number="74"/>
						<line hits="0" number="75"/>
						<line hits="0" number="76"/>
						<line hits="0" number="77"/>
						<line hits="0" number="79"/>
						<line hits="1" number="80"/>
						<line hits="0" number="81"/>
						<line hits="1" number="82"/>
						<line hits="0" number="83"/>
						<line hits="1" number="84"/>
						<line hits="0" number="85"/>
						<line hits="1" number="86"/>
						<line hits="0" number="87"/>
						<line hits="1" number="89"/>
						<line hits="1" number="91"/>
						<line hits="0" number="93"/>
						<line hits="1" number="95"/>
						<line hits="0" number="97"/>
						<line hits="1" number="99"/>
						<line hits="0" number="101"/>
						<line hits="0" number="102"/>
						<line hits="0" number="103"/>
						<line hits="1" number="106"/>
						<line hits="1" number="108"/>
						<line hits="1" number="109"/>
						<line hits="1" number="110"/>
						<line hits="1" number="112"/>
						<line hits="1" number="113"/>
						<line hits="1" number="115"/>
						<line hits="1" number="117"/>
						<line hits="1" number="119"/>
						<line hits="1" number="124"/>
						<line hits="1" number="127"/>
						<line hits="1" number="128"/>
						<line hits="1" number="129"/>
						<line hits="1" number="130"/>
						<line hits="0" number="132"/>
						<line hits="0" number="133"/>
						<line hits="0" number="134"/>
						<line hits="0" number="136"/>
						<line hits="1" number="138"/>
						<line hits="1" number="140"/>
						<line hits="1" number="142"/>
						<line hits="1" number="143"/>
						<line hits="1" number="148"/>
						<line hits="1" number="150"/>
						<line hits="1" number="151"/>
						<line hits="1" number="153"/>
						<line hits="1" number="154"/>
						<line hits="1" number="155"/>
						<line hits="1" number="156"/>
						<line hits="1" number="157"/>
						<line hits="1" number="159"/>
						<line hits="1" number="161"/>
						<line hits="1" number="162"/>
						<line hits="1" number="164"/>
						<line hits="0" number="166"/>
						<line hits="0" number="171"/>
						<line hits="1" number="173"/>
						<line hits="1" number="175"/>
						<line hits="1" number="177"/>
						<line hits="0" number="179"/>
						<line hits="1" number="181"/>
						<line hits="1" number="183"/>
						<line hits="1" number="184"/>
						<line hits="1" number="186"/>
						<line hits="0" number="188"/>
						<line hits="1" number="190"/>
						<line hits="1" number="192"/>
						<line hits="0" number="193"/>
						<line hits="1" number="198"/>
						<line hits="1" number="200"/>
						<line hits="1" number="201"/>
						<line hits="0" number="203"/>
						<line hits="0" number="204"/>
						<line hits="0" number="205"/>
						<line hits="0" number="206"/>
						<line hits="0" number="211"/>
						<line hits="0" number="213"/>
						<line hits="0" number="214"/>
						<line hits="0" number="215"/>
						<line hits="0" number="216"/>
						<line hits="0" number="218"/>
						<line hits="1" number="220"/>
						<line hits="1" number="222"/>
						<line hits="1" number="223"/>
						<line hits="1" number="225"/>
						<line hits="0" number="226"/>
						<line hits="0" number="227"/>
						<line hits="0" number="228"/>
						<line hits="1" number="230"/>
						<line hits="1" number="231"/>
						<line hits="1" number="232"/>
						<line hits="1" number="234"/>
						<line hits="1" number="236"/>
						<line hits="1" number="238"/>
						<line hits="1" number="240"/>
						<line hits="1" number="241"/>
						<line hits="1" number="246"/>
						<line hits="1" number="249"/>
						<line hits="1" number="251"/>
						<line hits="1" number="252"/>
						<line hits="1" number="254"/>
						<line hits="1" number="256"/>
						<line hits="0" number="257"/>
						<line hits="1" number="259"/>
						<line hits="1" number="261"/>
						<line hits="1" number="264"/>
						<line hits="1" number="266"/>
						<line hits="0" number="267"/>
						<line hits="1" number="269"/>
						<line hits="1" number="271"/>
						<line hits="1" number="274"/>
						<line hits="1" number="276"/>
						<line hits="0" number="277"/>
						<line hits="1" number="278"/>
						<line hits="1" number="279"/>
						<line hits="0" number="281"/>
						<line hits="1" number="283"/>
						<line hits="1" number="284"/>
						<line hits="1" number="286"/>
						<line hits="1" number="287"/>
						<line hits="1" number="289"/>
						<line hits="0" number="290"/>
						<line hits="1" number="295"/>
						<line hits="1" number="297"/>
						<line hits="1" number="299"/>
						<line hits="1" number="300"/>
						<line hits="0" number="301"/>
						<line hits="0" number="302"/>
						<line hits="0" number="304"/>
						<line hits="0" number="305"/>
						<line hits="0" number="306"/>
						<line hits="1" number="312"/>
						<line hits="1" number="314"/>
						<line hits="1" number="317"/>
						<line hits="1" number="325"/>
					</lines>
				</class>
				<class branch-rate="0" complexity="0" filename="/var/lib/jenkins/workspace/noronha-dataops/noronha-test/noronha-dataops/noronha/db/model.py" line-rate="1" name="model.py">
					<methods/>
					<lines>
						<line hits="1" number="3"/>
						<line hits="1" number="5"/>
						<line hits="1" number="6"/>
						<line hits="1" number="7"/>
						<line hits="1" number="10"/>
						<line hits="1" number="12"/>
						<line hits="1" number="15"/>
						<line hits="1" number="17"/>
						<line hits="1" number="20"/>
						<line hits="1" number="22"/>
						<line hits="1" number="23"/>
						<line hits="1" number="24"/>
						<line hits="1" number="25"/>
						<line hits="1" number="28"/>
						<line hits="1" number="30"/>
						<line hits="1" number="32"/>
						<line hits="1" number="33"/>
						<line hits="1" number="34"/>
						<line hits="1" number="35"/>
					</lines>
				</class>
				<class branch-rate="0" complexity="0" filename="/var/lib/jenkins/workspace/noronha-dataops/noronha-test/noronha-dataops/noronha/db/movers.py" line-rate="0.8491" name="movers.py">
					<methods/>
					<lines>
						<line hits="1" number="3"/>
						<line hits="1" number="5"/>
						<line hits="1" number="6"/>
						<line hits="1" number="8"/>
						<line hits="1" number="9"/>
						<line hits="1" number="10"/>
						<line hits="1" number="11"/>
						<line hits="1" number="12"/>
						<line hits="1" number="15"/>
						<line hits="1" number="17"/>
						<line hits="1" number="18"/>
						<line hits="1" number="21"/>
						<line hits="1" number="23"/>
						<line hits="1" number="24"/>
						<line hits="1" number="26"/>
						<line hits="1" number="28"/>
						<line hits="1" number="29"/>
						<line hits="1" number="31"/>
						<line hits="1" number="32"/>
						<line hits="1" number="33"/>
						<line hits="1" number="34"/>
						<line hits="1" number="35"/>
						<line hits="1" number="36"/>
						<line hits="1" number="37"/>
						<line hits="1" number="40"/>
						<line hits="1" number="42"/>
						<line hits="1" number="43"/>
						<line hits="1" number="44"/>
						<line hits="1" number="46"/>
						<line hits="1" number="48"/>
						<line hits="1" number="49"/>
						<line hits="1" number="51"/>
						<line hits="1" number="52"/>
						<line hits="1" number="53"/>
						<line hits="1" number="54"/>
						<line hits="1" number="55"/>
						<line hits="1" number="56"/>
						<line hits="1" number="57"/>
						<line hits="1" number="59"/>
						<line hits="1" number="60"/>
						<line hits="0" number="62"/>
						<line hits="0" number="63"/>
						<line hits="0" number="64"/>
						<line hits="0" number="65"/>
						<line hits="0" number="67"/>
						<line hits="0" number="68"/>
						<line hits="0" number="70"/>
						<line hits="1" number="72"/>
						<line hits="1" number="74"/>
						<line hits="1" number="75"/>
						<line hits="1" number="77"/>
						<line hits="0" number="78"/>
						<line hits="1" number="80"/>
					</lines>
				</class>
				<class branch-rate="0" complexity="0" filename="/var/lib/jenkins/workspace/noronha-dataops/noronha-test/noronha-dataops/noronha/db/proj.py" line-rate="1" name="proj.py">
					<methods/>
					<lines>
						<line hits="1" number="3"/>
						<line hits="1" number="10"/>
						<line hits="1" number="11"/>
						<line hits="1" number="13"/>
						<line hits="1" number="14"/>
						<line hits="1" number="15"/>
						<line hits="1" number="16"/>
						<line hits="1" number="17"/>
						<line hits="1" number="20"/>
						<line hits="1" number="22"/>
						<line hits="1" number="23"/>
						<line hits="1" number="24"/>
						<line hits="1" number="25"/>
						<line hits="1" number="26"/>
						<line hits="1" number="29"/>
						<line hits="1" number="31"/>
						<line hits="1" number="32"/>
						<line hits="1" number="34"/>
						<line hits="1" number="35"/>
						<line hits="1" number="36"/>
						<line hits="1" number="37"/>
						<line hits="1" number="38"/>
						<line hits="1" number="39"/>
						<line hits="1" number="42"/>
						<line hits="1" number="44"/>
						<line hits="1" number="46"/>
						<line hits="1" number="48"/>
						<line hits="1" number="50"/>
						<line hits="1" number="52"/>
						<line hits="1" number="54"/>
						<line hits="1" number="58"/>
						<line hits="1" number="60"/>
						<line hits="1" number="62"/>
					</lines>
				</class>
				<class branch-rate="0" complexity="0" filename="/var/lib/jenkins/workspace/noronha-dataops/noronha-test/noronha-dataops/noronha/db/train.py" line-rate="1" name="train.py">
					<methods/>
					<lines>
						<line hits="1" number="3"/>
						<line hits="1" number="4"/>
						<line hits="1" number="6"/>
						<line hits="1" number="7"/>
						<line hits="1" number="8"/>
						<line hits="1" number="9"/>
						<line hits="1" number="10"/>
						<line hits="1" number="13"/>
						<line hits="1" number="15"/>
						<line hits="1" number="18"/>
						<line hits="1" number="20"/>
						<line hits="1" number="23"/>
						<line hits="1" number="25"/>
						<line hits="1" number="27"/>
						<line hits="1" number="28"/>
						<line hits="1" number="29"/>
						<line hits="1" number="30"/>
						<line hits="1" number="31"/>
						<line hits="1" number="34"/>
						<line hits="1" number="36"/>
						<line hits="1" number="37"/>
						<line hits="1" number="38"/>
						<line hits="1" number="40"/>
						<line hits="1" number="41"/>
						<line hits="1" number="42"/>
						<line hits="1" number="43"/>
						<line hits="1" number="44"/>
						<line hits="1" number="45"/>
					</lines>
				</class>
				<class branch-rate="0" complexity="0" filename="/var/lib/jenkins/workspace/noronha-dataops/noronha-test/noronha-dataops/noronha/db/utils.py" line-rate="0.9231" name="utils.py">
					<methods/>
					<lines>
						<line hits="1" number="3"/>
						<line hits="1" number="4"/>
						<line hits="1" number="5"/>
						<line hits="1" number="7"/>
						<line hits="1" number="8"/>
						<line hits="1" number="11"/>
						<line hits="1" number="13"/>
						<line hits="1" number="16"/>
						<line hits="1" number="18"/>
						<line hits="1" number="19"/>
						<line hits="1" number="20"/>
						<line hits="1" number="21"/>
						<line hits="1" number="24"/>
						<line hits="1" number="26"/>
						<line hits="1" number="27"/>
						<line hits="1" number="28"/>
						<line hits="1" number="29"/>
						<line hits="1" number="31"/>
						<line hits="1" number="33"/>
						<line hits="0" number="34"/>
						<line hits="1" number="35"/>
						<line hits="0" number="36"/>
						<line hits="1" number="38"/>
						<line hits="1" number="40"/>
						<line hits="1" number="42"/>
						<line hits="1" number="43"/>
					</lines>
				</class>
			</classes>
		</package>
	</packages>
</coverage>
